<?xml version="1.0" encoding="UTF-8"?>
<coverage generated="1628605155484" clover="3.2.0">
  <project timestamp="1628605155485" name="All files">
    <metrics statements="162" coveredstatements="93" conditionals="110" coveredconditionals="58" methods="37" coveredmethods="18" elements="309" coveredelements="169" complexity="0" loc="162" ncloc="162" packages="5" files="5" classes="5"/>
    <package name="eventEmitter">
      <metrics statements="6" coveredstatements="2" conditionals="4" coveredconditionals="1" methods="4" coveredmethods="2"/>
      <file name="eventEmitter.ts" path="C:\Users\Gilmore\Desktop\FSD-Project-2\source\eventEmitter\eventEmitter.ts">
        <metrics statements="6" coveredstatements="2" conditionals="4" coveredconditionals="1" methods="4" coveredmethods="2"/>
        <line num="58" count="3" type="stmt"/>
        <line num="65" count="0" type="cond" truecount="0" falsecount="2"/>
        <line num="66" count="0" type="stmt"/>
        <line num="68" count="0" type="stmt"/>
        <line num="72" count="20" type="cond" truecount="1" falsecount="1"/>
        <line num="73" count="0" type="stmt"/>
      </file>
    </package>
    <package name="functions">
      <metrics statements="12" coveredstatements="0" conditionals="4" coveredconditionals="0" methods="4" coveredmethods="0"/>
      <file name="functions.ts" path="C:\Users\Gilmore\Desktop\FSD-Project-2\source\functions\functions.ts">
        <metrics statements="12" coveredstatements="0" conditionals="4" coveredconditionals="0" methods="4" coveredmethods="0"/>
        <line num="2" count="0" type="stmt"/>
        <line num="3" count="0" type="stmt"/>
        <line num="4" count="0" type="stmt"/>
        <line num="6" count="0" type="stmt"/>
        <line num="9" count="0" type="stmt"/>
        <line num="12" count="0" type="stmt"/>
        <line num="13" count="0" type="cond" truecount="0" falsecount="2"/>
        <line num="14" count="0" type="stmt"/>
        <line num="17" count="0" type="stmt"/>
        <line num="20" count="0" type="cond" truecount="0" falsecount="2"/>
        <line num="21" count="0" type="stmt"/>
        <line num="23" count="0" type="stmt"/>
      </file>
    </package>
    <package name="model">
      <metrics statements="119" coveredstatements="89" conditionals="100" coveredconditionals="57" methods="19" coveredmethods="16"/>
      <file name="model.ts" path="C:\Users\Gilmore\Desktop\FSD-Project-2\source\model\model.ts">
        <metrics statements="119" coveredstatements="89" conditionals="100" coveredconditionals="57" methods="19" coveredmethods="16"/>
        <line num="9" count="3" type="stmt"/>
        <line num="10" count="3" type="stmt"/>
        <line num="18" count="0" type="stmt"/>
        <line num="24" count="0" type="stmt"/>
        <line num="32" count="4" type="stmt"/>
        <line num="44" count="3" type="stmt"/>
        <line num="48" count="1" type="stmt"/>
        <line num="49" count="1" type="stmt"/>
        <line num="65" count="2" type="stmt"/>
        <line num="66" count="2" type="stmt"/>
        <line num="67" count="2" type="stmt"/>
        <line num="93" count="1" type="stmt"/>
        <line num="94" count="1" type="stmt"/>
        <line num="98" count="1" type="stmt"/>
        <line num="108" count="3" type="stmt"/>
        <line num="109" count="3" type="stmt"/>
        <line num="110" count="3" type="stmt"/>
        <line num="111" count="3" type="cond" truecount="2" falsecount="0"/>
        <line num="112" count="2" type="stmt"/>
        <line num="113" count="2" type="cond" truecount="2" falsecount="0"/>
        <line num="114" count="1" type="stmt"/>
        <line num="116" count="2" type="cond" truecount="2" falsecount="0"/>
        <line num="117" count="1" type="cond" truecount="1" falsecount="1"/>
        <line num="118" count="1" type="stmt"/>
        <line num="120" count="1" type="cond" truecount="1" falsecount="1"/>
        <line num="121" count="0" type="stmt"/>
        <line num="123" count="2" type="stmt"/>
        <line num="125" count="1" type="stmt"/>
        <line num="126" count="1" type="cond" truecount="1" falsecount="1"/>
        <line num="127" count="1" type="stmt"/>
        <line num="128" count="0" type="cond" truecount="0" falsecount="2"/>
        <line num="129" count="0" type="stmt"/>
        <line num="131" count="1" type="stmt"/>
        <line num="140" count="3" type="stmt"/>
        <line num="141" count="3" type="stmt"/>
        <line num="143" count="3" type="cond" truecount="2" falsecount="2"/>
        <line num="144" count="0" type="stmt"/>
        <line num="146" count="3" type="stmt"/>
        <line num="148" count="3" type="stmt"/>
        <line num="149" count="3" type="stmt"/>
        <line num="150" count="3" type="stmt"/>
        <line num="151" count="3" type="cond" truecount="2" falsecount="0"/>
        <line num="152" count="2" type="cond" truecount="2" falsecount="0"/>
        <line num="153" count="1" type="cond" truecount="1" falsecount="1"/>
        <line num="154" count="0" type="stmt"/>
        <line num="155" count="1" type="cond" truecount="1" falsecount="1"/>
        <line num="156" count="1" type="stmt"/>
        <line num="158" count="1" type="cond" truecount="1" falsecount="1"/>
        <line num="162" count="0" type="stmt"/>
        <line num="163" count="1" type="cond" truecount="1" falsecount="1"/>
        <line num="167" count="1" type="stmt"/>
        <line num="170" count="1" type="stmt"/>
        <line num="172" count="3" type="stmt"/>
        <line num="187" count="0" type="cond" truecount="0" falsecount="2"/>
        <line num="188" count="0" type="stmt"/>
        <line num="189" count="0" type="cond" truecount="0" falsecount="2"/>
        <line num="190" count="0" type="stmt"/>
        <line num="192" count="0" type="cond" truecount="0" falsecount="2"/>
        <line num="193" count="0" type="cond" truecount="0" falsecount="2"/>
        <line num="194" count="0" type="stmt"/>
        <line num="197" count="0" type="stmt"/>
        <line num="225" count="0" type="stmt"/>
        <line num="226" count="0" type="stmt"/>
        <line num="241" count="10" type="cond" truecount="2" falsecount="0"/>
        <line num="242" count="2" type="stmt"/>
        <line num="243" count="8" type="cond" truecount="2" falsecount="0"/>
        <line num="244" count="6" type="stmt"/>
        <line num="246" count="10" type="cond" truecount="2" falsecount="0"/>
        <line num="247" count="5" type="cond" truecount="1" falsecount="1"/>
        <line num="248" count="0" type="stmt"/>
        <line num="251" count="10" type="stmt"/>
        <line num="275" count="10" type="stmt"/>
        <line num="276" count="10" type="stmt"/>
        <line num="280" count="22" type="cond" truecount="2" falsecount="0"/>
        <line num="281" count="21" type="cond" truecount="2" falsecount="0"/>
        <line num="282" count="12" type="stmt"/>
        <line num="284" count="9" type="cond" truecount="2" falsecount="0"/>
        <line num="285" count="2" type="stmt"/>
        <line num="287" count="7" type="stmt"/>
        <line num="289" count="1" type="stmt"/>
        <line num="295" count="0" type="stmt"/>
        <line num="296" count="0" type="cond" truecount="0" falsecount="2"/>
        <line num="297" count="0" type="cond" truecount="0" falsecount="2"/>
        <line num="298" count="0" type="cond" truecount="0" falsecount="2"/>
        <line num="299" count="0" type="stmt"/>
        <line num="302" count="0" type="cond" truecount="0" falsecount="2"/>
        <line num="303" count="0" type="stmt"/>
        <line num="305" count="0" type="stmt"/>
        <line num="307" count="0" type="cond" truecount="0" falsecount="2"/>
        <line num="308" count="0" type="stmt"/>
        <line num="312" count="20" type="stmt"/>
        <line num="313" count="20" type="cond" truecount="1" falsecount="1"/>
        <line num="327" count="26" type="cond" truecount="1" falsecount="1"/>
        <line num="332" count="26" type="stmt"/>
        <line num="333" count="26" type="cond" truecount="2" falsecount="0"/>
        <line num="334" count="13" type="cond" truecount="2" falsecount="0"/>
        <line num="335" count="7" type="cond" truecount="2" falsecount="0"/>
        <line num="336" count="3" type="stmt"/>
        <line num="339" count="13" type="cond" truecount="2" falsecount="0"/>
        <line num="340" count="2" type="stmt"/>
        <line num="346" count="11" type="stmt"/>
        <line num="352" count="13" type="cond" truecount="2" falsecount="0"/>
        <line num="353" count="7" type="stmt"/>
        <line num="361" count="6" type="stmt"/>
        <line num="362" count="6" type="cond" truecount="1" falsecount="1"/>
        <line num="365" count="6" type="cond" truecount="1" falsecount="1"/>
        <line num="371" count="7" type="stmt"/>
        <line num="372" count="7" type="stmt"/>
        <line num="382" count="11" type="stmt"/>
        <line num="383" count="11" type="cond" truecount="2" falsecount="0"/>
        <line num="386" count="11" type="cond" truecount="2" falsecount="0"/>
        <line num="387" count="11" type="stmt"/>
        <line num="393" count="12" type="stmt"/>
        <line num="394" count="12" type="cond" truecount="2" falsecount="0"/>
        <line num="399" count="12" type="cond" truecount="1" falsecount="1"/>
        <line num="400" count="0" type="stmt"/>
        <line num="401" count="12" type="cond" truecount="2" falsecount="0"/>
        <line num="402" count="6" type="stmt"/>
        <line num="404" count="12" type="stmt"/>
      </file>
    </package>
    <package name="options">
      <metrics statements="1" coveredstatements="1" conditionals="0" coveredconditionals="0" methods="0" coveredmethods="0"/>
      <file name="options.ts" path="C:\Users\Gilmore\Desktop\FSD-Project-2\source\options\options.ts">
        <metrics statements="1" coveredstatements="1" conditionals="0" coveredconditionals="0" methods="0" coveredmethods="0"/>
        <line num="62" count="1" type="stmt"/>
      </file>
    </package>
    <package name="view.viewHandlers">
      <metrics statements="24" coveredstatements="1" conditionals="2" coveredconditionals="0" methods="10" coveredmethods="0"/>
      <file name="viewHandlers.ts" path="C:\Users\Gilmore\Desktop\FSD-Project-2\source\view\viewHandlers\viewHandlers.ts">
        <metrics statements="24" coveredstatements="1" conditionals="2" coveredconditionals="0" methods="10" coveredmethods="0"/>
        <line num="4" count="1" type="stmt"/>
        <line num="14" count="0" type="stmt"/>
        <line num="15" count="0" type="stmt"/>
        <line num="20" count="0" type="stmt"/>
        <line num="25" count="0" type="stmt"/>
        <line num="26" count="0" type="stmt"/>
        <line num="30" count="0" type="stmt"/>
        <line num="39" count="0" type="stmt"/>
        <line num="40" count="0" type="stmt"/>
        <line num="41" count="0" type="cond" truecount="0" falsecount="2"/>
        <line num="42" count="0" type="stmt"/>
        <line num="44" count="0" type="stmt"/>
        <line num="49" count="0" type="stmt"/>
        <line num="51" count="0" type="stmt"/>
        <line num="58" count="0" type="stmt"/>
        <line num="59" count="0" type="stmt"/>
        <line num="62" count="0" type="stmt"/>
        <line num="64" count="0" type="stmt"/>
        <line num="65" count="0" type="stmt"/>
        <line num="66" count="0" type="stmt"/>
        <line num="70" count="0" type="stmt"/>
        <line num="71" count="0" type="stmt"/>
        <line num="73" count="0" type="stmt"/>
        <line num="74" count="0" type="stmt"/>
      </file>
    </package>
  </project>
</coverage>
