{"C:\\Users\\Gilmore\\Desktop\\FSD-Project-2\\source\\eventEmitter\\eventEmitter.ts": {"path":"C:\\Users\\Gilmore\\Desktop\\FSD-Project-2\\source\\eventEmitter\\eventEmitter.ts","statementMap":{"0":{"start":{"line":5,"column":6},"end":{"line":5,"column":23}},"1":{"start":{"line":9,"column":6},"end":{"line":11,"column":7}},"2":{"start":{"line":10,"column":8},"end":{"line":10,"column":36}},"3":{"start":{"line":12,"column":6},"end":{"line":12,"column":40}},"4":{"start":{"line":16,"column":20},"end":{"line":16,"column":42}},"5":{"start":{"line":17,"column":6},"end":{"line":21,"column":7}},"6":{"start":{"line":18,"column":8},"end":{"line":20,"column":11}},"7":{"start":{"line":19,"column":10},"end":{"line":19,"column":32}}},"fnMap":{"0":{"name":"(anonymous_0)","decl":{"start":{"line":4,"column":4},"end":{"line":4,"column":5}},"loc":{"start":{"line":4,"column":18},"end":{"line":6,"column":5}},"line":4},"1":{"name":"(anonymous_1)","decl":{"start":{"line":8,"column":4},"end":{"line":8,"column":5}},"loc":{"start":{"line":8,"column":39},"end":{"line":13,"column":5}},"line":8},"2":{"name":"(anonymous_2)","decl":{"start":{"line":15,"column":4},"end":{"line":15,"column":5}},"loc":{"start":{"line":15,"column":40},"end":{"line":22,"column":5}},"line":15},"3":{"name":"(anonymous_3)","decl":{"start":{"line":18,"column":22},"end":{"line":18,"column":23}},"loc":{"start":{"line":18,"column":32},"end":{"line":20,"column":9}},"line":18}},"branchMap":{"0":{"loc":{"start":{"line":9,"column":6},"end":{"line":11,"column":7}},"type":"if","locations":[{"start":{"line":9,"column":6},"end":{"line":11,"column":7}},{"start":{"line":9,"column":6},"end":{"line":11,"column":7}}],"line":9},"1":{"loc":{"start":{"line":17,"column":6},"end":{"line":21,"column":7}},"type":"if","locations":[{"start":{"line":17,"column":6},"end":{"line":21,"column":7}},{"start":{"line":17,"column":6},"end":{"line":21,"column":7}}],"line":17}},"s":{"0":11,"1":12,"2":12,"3":12,"4":19,"5":19,"6":5,"7":5},"f":{"0":11,"1":12,"2":19,"3":5},"b":{"0":[12,0],"1":[5,14]},"_coverageSchema":"1a1c01bbd47fc00a2c39e90264f33305004495a9","hash":"cc212dcf829ad5cf3d8a4e10e1adfef6c7f05302"}
,"C:\\Users\\Gilmore\\Desktop\\FSD-Project-2\\source\\functions\\functions.ts": {"path":"C:\\Users\\Gilmore\\Desktop\\FSD-Project-2\\source\\functions\\functions.ts","statementMap":{"0":{"start":{"line":2,"column":15},"end":{"line":2,"column":44}},"1":{"start":{"line":3,"column":2},"end":{"line":5,"column":3}},"2":{"start":{"line":3,"column":15},"end":{"line":3,"column":16}},"3":{"start":{"line":4,"column":4},"end":{"line":4,"column":37}},"4":{"start":{"line":6,"column":2},"end":{"line":6,"column":14}},"5":{"start":{"line":9,"column":2},"end":{"line":9,"column":42}}},"fnMap":{"0":{"name":"createElementSlider","decl":{"start":{"line":1,"column":16},"end":{"line":1,"column":35}},"loc":{"start":{"line":1,"column":76},"end":{"line":7,"column":1}},"line":1},"1":{"name":"getContainer","decl":{"start":{"line":8,"column":16},"end":{"line":8,"column":28}},"loc":{"start":{"line":8,"column":58},"end":{"line":10,"column":1}},"line":8}},"branchMap":{},"s":{"0":60,"1":60,"2":60,"3":90,"4":60,"5":2},"f":{"0":60,"1":2},"b":{},"_coverageSchema":"1a1c01bbd47fc00a2c39e90264f33305004495a9","hash":"1a1ac7b50097f0a1c8d2f5c0dfe784f339e66f32"}
,"C:\\Users\\Gilmore\\Desktop\\FSD-Project-2\\source\\model\\model.ts": {"path":"C:\\Users\\Gilmore\\Desktop\\FSD-Project-2\\source\\model\\model.ts","statementMap":{"0":{"start":{"line":9,"column":10},"end":{"line":9,"column":18}},"1":{"start":{"line":10,"column":10},"end":{"line":10,"column":31}},"2":{"start":{"line":15,"column":10},"end":{"line":15,"column":58}},"3":{"start":{"line":16,"column":10},"end":{"line":16,"column":64}},"4":{"start":{"line":17,"column":10},"end":{"line":17,"column":54}},"5":{"start":{"line":18,"column":10},"end":{"line":18,"column":47}},"6":{"start":{"line":22,"column":10},"end":{"line":22,"column":31}},"7":{"start":{"line":23,"column":10},"end":{"line":23,"column":47}},"8":{"start":{"line":27,"column":10},"end":{"line":27,"column":61}},"9":{"start":{"line":31,"column":10},"end":{"line":31,"column":60}},"10":{"start":{"line":35,"column":10},"end":{"line":35,"column":44}},"11":{"start":{"line":41,"column":14},"end":{"line":41,"column":24}},"12":{"start":{"line":42,"column":34},"end":{"line":42,"column":64}},"13":{"start":{"line":43,"column":31},"end":{"line":43,"column":69}},"14":{"start":{"line":44,"column":10},"end":{"line":57,"column":11}},"15":{"start":{"line":45,"column":12},"end":{"line":45,"column":44}},"16":{"start":{"line":46,"column":12},"end":{"line":48,"column":13}},"17":{"start":{"line":47,"column":14},"end":{"line":47,"column":42}},"18":{"start":{"line":49,"column":12},"end":{"line":55,"column":13}},"19":{"start":{"line":50,"column":14},"end":{"line":52,"column":15}},"20":{"start":{"line":51,"column":16},"end":{"line":51,"column":43}},"21":{"start":{"line":53,"column":19},"end":{"line":55,"column":13}},"22":{"start":{"line":54,"column":14},"end":{"line":54,"column":42}},"23":{"start":{"line":56,"column":12},"end":{"line":56,"column":30}},"24":{"start":{"line":58,"column":10},"end":{"line":58,"column":44}},"25":{"start":{"line":59,"column":10},"end":{"line":63,"column":11}},"26":{"start":{"line":60,"column":12},"end":{"line":60,"column":39}},"27":{"start":{"line":61,"column":17},"end":{"line":63,"column":11}},"28":{"start":{"line":62,"column":12},"end":{"line":62,"column":42}},"29":{"start":{"line":64,"column":10},"end":{"line":64,"column":28}},"30":{"start":{"line":68,"column":30},"end":{"line":68,"column":40}},"31":{"start":{"line":69,"column":34},"end":{"line":69,"column":64}},"32":{"start":{"line":70,"column":31},"end":{"line":70,"column":69}},"33":{"start":{"line":71,"column":34},"end":{"line":71,"column":75}},"34":{"start":{"line":72,"column":32},"end":{"line":72,"column":71}},"35":{"start":{"line":73,"column":10},"end":{"line":89,"column":11}},"36":{"start":{"line":74,"column":12},"end":{"line":86,"column":13}},"37":{"start":{"line":75,"column":14},"end":{"line":79,"column":15}},"38":{"start":{"line":76,"column":16},"end":{"line":76,"column":50}},"39":{"start":{"line":77,"column":21},"end":{"line":79,"column":15}},"40":{"start":{"line":78,"column":16},"end":{"line":78,"column":48}},"41":{"start":{"line":80,"column":19},"end":{"line":86,"column":13}},"42":{"start":{"line":82,"column":14},"end":{"line":82,"column":46}},"43":{"start":{"line":83,"column":19},"end":{"line":86,"column":13}},"44":{"start":{"line":85,"column":14},"end":{"line":85,"column":48}},"45":{"start":{"line":88,"column":12},"end":{"line":88,"column":44}},"46":{"start":{"line":90,"column":10},"end":{"line":90,"column":28}},"47":{"start":{"line":97,"column":10},"end":{"line":101,"column":11}},"48":{"start":{"line":98,"column":12},"end":{"line":98,"column":40}},"49":{"start":{"line":99,"column":17},"end":{"line":101,"column":11}},"50":{"start":{"line":100,"column":12},"end":{"line":100,"column":40}},"51":{"start":{"line":102,"column":10},"end":{"line":106,"column":11}},"52":{"start":{"line":103,"column":12},"end":{"line":105,"column":13}},"53":{"start":{"line":104,"column":14},"end":{"line":104,"column":44}},"54":{"start":{"line":107,"column":29},"end":{"line":121,"column":11}},"55":{"start":{"line":122,"column":10},"end":{"line":122,"column":57}},"56":{"start":{"line":123,"column":10},"end":{"line":123,"column":48}},"57":{"start":{"line":127,"column":10},"end":{"line":134,"column":11}},"58":{"start":{"line":128,"column":12},"end":{"line":130,"column":13}},"59":{"start":{"line":129,"column":14},"end":{"line":129,"column":57}},"60":{"start":{"line":130,"column":14},"end":{"line":132,"column":13}},"61":{"start":{"line":131,"column":14},"end":{"line":131,"column":57}},"62":{"start":{"line":133,"column":12},"end":{"line":133,"column":41}},"63":{"start":{"line":135,"column":10},"end":{"line":135,"column":34}},"64":{"start":{"line":139,"column":61},"end":{"line":139,"column":71}},"65":{"start":{"line":140,"column":10},"end":{"line":142,"column":123}},"66":{"start":{"line":146,"column":23},"end":{"line":147,"column":44}},"67":{"start":{"line":150,"column":14},"end":{"line":150,"column":24}},"68":{"start":{"line":151,"column":10},"end":{"line":163,"column":11}},"69":{"start":{"line":152,"column":12},"end":{"line":156,"column":13}},"70":{"start":{"line":153,"column":14},"end":{"line":155,"column":15}},"71":{"start":{"line":154,"column":16},"end":{"line":154,"column":43}},"72":{"start":{"line":157,"column":12},"end":{"line":160,"column":13}},"73":{"start":{"line":158,"column":14},"end":{"line":159,"column":69}},"74":{"start":{"line":161,"column":12},"end":{"line":162,"column":68}},"75":{"start":{"line":164,"column":10},"end":{"line":164,"column":77}},"76":{"start":{"line":164,"column":35},"end":{"line":164,"column":77}},"77":{"start":{"line":165,"column":10},"end":{"line":166,"column":66}},"78":{"start":{"line":170,"column":66},"end":{"line":170,"column":76}},"79":{"start":{"line":171,"column":33},"end":{"line":172,"column":91}},"80":{"start":{"line":173,"column":10},"end":{"line":174,"column":70}},"81":{"start":{"line":178,"column":53},"end":{"line":178,"column":63}},"82":{"start":{"line":179,"column":10},"end":{"line":180,"column":40}},"83":{"start":{"line":185,"column":30},"end":{"line":185,"column":40}},"84":{"start":{"line":186,"column":28},"end":{"line":187,"column":23}},"85":{"start":{"line":188,"column":10},"end":{"line":188,"column":48}},"86":{"start":{"line":188,"column":32},"end":{"line":188,"column":48}},"87":{"start":{"line":189,"column":10},"end":{"line":189,"column":29}},"88":{"start":{"line":195,"column":14},"end":{"line":195,"column":24}},"89":{"start":{"line":196,"column":24},"end":{"line":197,"column":94}},"90":{"start":{"line":198,"column":10},"end":{"line":202,"column":11}},"91":{"start":{"line":199,"column":12},"end":{"line":199,"column":26}},"92":{"start":{"line":200,"column":17},"end":{"line":202,"column":11}},"93":{"start":{"line":201,"column":12},"end":{"line":201,"column":24}},"94":{"start":{"line":203,"column":10},"end":{"line":203,"column":25}}},"fnMap":{"0":{"name":"(anonymous_0)","decl":{"start":{"line":8,"column":8},"end":{"line":8,"column":9}},"loc":{"start":{"line":8,"column":44},"end":{"line":11,"column":9}},"line":8},"1":{"name":"(anonymous_1)","decl":{"start":{"line":13,"column":8},"end":{"line":13,"column":9}},"loc":{"start":{"line":14,"column":79},"end":{"line":19,"column":9}},"line":14},"2":{"name":"(anonymous_2)","decl":{"start":{"line":21,"column":8},"end":{"line":21,"column":9}},"loc":{"start":{"line":21,"column":45},"end":{"line":24,"column":9}},"line":21},"3":{"name":"(anonymous_3)","decl":{"start":{"line":26,"column":8},"end":{"line":26,"column":9}},"loc":{"start":{"line":26,"column":61},"end":{"line":28,"column":9}},"line":26},"4":{"name":"(anonymous_4)","decl":{"start":{"line":30,"column":8},"end":{"line":30,"column":9}},"loc":{"start":{"line":30,"column":77},"end":{"line":32,"column":9}},"line":30},"5":{"name":"(anonymous_5)","decl":{"start":{"line":34,"column":8},"end":{"line":34,"column":9}},"loc":{"start":{"line":34,"column":50},"end":{"line":36,"column":9}},"line":34},"6":{"name":"(anonymous_6)","decl":{"start":{"line":38,"column":8},"end":{"line":38,"column":9}},"loc":{"start":{"line":38,"column":81},"end":{"line":65,"column":9}},"line":38},"7":{"name":"(anonymous_7)","decl":{"start":{"line":67,"column":8},"end":{"line":67,"column":9}},"loc":{"start":{"line":67,"column":71},"end":{"line":91,"column":9}},"line":67},"8":{"name":"(anonymous_8)","decl":{"start":{"line":93,"column":8},"end":{"line":93,"column":9}},"loc":{"start":{"line":96,"column":31},"end":{"line":124,"column":9}},"line":96},"9":{"name":"(anonymous_9)","decl":{"start":{"line":126,"column":8},"end":{"line":126,"column":9}},"loc":{"start":{"line":126,"column":73},"end":{"line":136,"column":9}},"line":126},"10":{"name":"(anonymous_10)","decl":{"start":{"line":138,"column":8},"end":{"line":138,"column":9}},"loc":{"start":{"line":138,"column":77},"end":{"line":143,"column":9}},"line":138},"11":{"name":"(anonymous_11)","decl":{"start":{"line":145,"column":8},"end":{"line":145,"column":9}},"loc":{"start":{"line":145,"column":53},"end":{"line":167,"column":9}},"line":145},"12":{"name":"(anonymous_12)","decl":{"start":{"line":169,"column":8},"end":{"line":169,"column":9}},"loc":{"start":{"line":169,"column":70},"end":{"line":175,"column":9}},"line":169},"13":{"name":"(anonymous_13)","decl":{"start":{"line":177,"column":8},"end":{"line":177,"column":9}},"loc":{"start":{"line":177,"column":56},"end":{"line":181,"column":9}},"line":177},"14":{"name":"(anonymous_14)","decl":{"start":{"line":183,"column":8},"end":{"line":183,"column":9}},"loc":{"start":{"line":184,"column":34},"end":{"line":190,"column":9}},"line":184},"15":{"name":"(anonymous_15)","decl":{"start":{"line":192,"column":8},"end":{"line":192,"column":9}},"loc":{"start":{"line":192,"column":40},"end":{"line":204,"column":9}},"line":192}},"branchMap":{"0":{"loc":{"start":{"line":44,"column":10},"end":{"line":57,"column":11}},"type":"if","locations":[{"start":{"line":44,"column":10},"end":{"line":57,"column":11}},{"start":{"line":44,"column":10},"end":{"line":57,"column":11}}],"line":44},"1":{"loc":{"start":{"line":46,"column":12},"end":{"line":48,"column":13}},"type":"if","locations":[{"start":{"line":46,"column":12},"end":{"line":48,"column":13}},{"start":{"line":46,"column":12},"end":{"line":48,"column":13}}],"line":46},"2":{"loc":{"start":{"line":49,"column":12},"end":{"line":55,"column":13}},"type":"if","locations":[{"start":{"line":49,"column":12},"end":{"line":55,"column":13}},{"start":{"line":49,"column":12},"end":{"line":55,"column":13}}],"line":49},"3":{"loc":{"start":{"line":50,"column":14},"end":{"line":52,"column":15}},"type":"if","locations":[{"start":{"line":50,"column":14},"end":{"line":52,"column":15}},{"start":{"line":50,"column":14},"end":{"line":52,"column":15}}],"line":50},"4":{"loc":{"start":{"line":53,"column":19},"end":{"line":55,"column":13}},"type":"if","locations":[{"start":{"line":53,"column":19},"end":{"line":55,"column":13}},{"start":{"line":53,"column":19},"end":{"line":55,"column":13}}],"line":53},"5":{"loc":{"start":{"line":59,"column":10},"end":{"line":63,"column":11}},"type":"if","locations":[{"start":{"line":59,"column":10},"end":{"line":63,"column":11}},{"start":{"line":59,"column":10},"end":{"line":63,"column":11}}],"line":59},"6":{"loc":{"start":{"line":61,"column":17},"end":{"line":63,"column":11}},"type":"if","locations":[{"start":{"line":61,"column":17},"end":{"line":63,"column":11}},{"start":{"line":61,"column":17},"end":{"line":63,"column":11}}],"line":61},"7":{"loc":{"start":{"line":73,"column":10},"end":{"line":89,"column":11}},"type":"if","locations":[{"start":{"line":73,"column":10},"end":{"line":89,"column":11}},{"start":{"line":73,"column":10},"end":{"line":89,"column":11}}],"line":73},"8":{"loc":{"start":{"line":74,"column":12},"end":{"line":86,"column":13}},"type":"if","locations":[{"start":{"line":74,"column":12},"end":{"line":86,"column":13}},{"start":{"line":74,"column":12},"end":{"line":86,"column":13}}],"line":74},"9":{"loc":{"start":{"line":75,"column":14},"end":{"line":79,"column":15}},"type":"if","locations":[{"start":{"line":75,"column":14},"end":{"line":79,"column":15}},{"start":{"line":75,"column":14},"end":{"line":79,"column":15}}],"line":75},"10":{"loc":{"start":{"line":77,"column":21},"end":{"line":79,"column":15}},"type":"if","locations":[{"start":{"line":77,"column":21},"end":{"line":79,"column":15}},{"start":{"line":77,"column":21},"end":{"line":79,"column":15}}],"line":77},"11":{"loc":{"start":{"line":80,"column":19},"end":{"line":86,"column":13}},"type":"if","locations":[{"start":{"line":80,"column":19},"end":{"line":86,"column":13}},{"start":{"line":80,"column":19},"end":{"line":86,"column":13}}],"line":80},"12":{"loc":{"start":{"line":83,"column":19},"end":{"line":86,"column":13}},"type":"if","locations":[{"start":{"line":83,"column":19},"end":{"line":86,"column":13}},{"start":{"line":83,"column":19},"end":{"line":86,"column":13}}],"line":83},"13":{"loc":{"start":{"line":97,"column":10},"end":{"line":101,"column":11}},"type":"if","locations":[{"start":{"line":97,"column":10},"end":{"line":101,"column":11}},{"start":{"line":97,"column":10},"end":{"line":101,"column":11}}],"line":97},"14":{"loc":{"start":{"line":99,"column":17},"end":{"line":101,"column":11}},"type":"if","locations":[{"start":{"line":99,"column":17},"end":{"line":101,"column":11}},{"start":{"line":99,"column":17},"end":{"line":101,"column":11}}],"line":99},"15":{"loc":{"start":{"line":102,"column":10},"end":{"line":106,"column":11}},"type":"if","locations":[{"start":{"line":102,"column":10},"end":{"line":106,"column":11}},{"start":{"line":102,"column":10},"end":{"line":106,"column":11}}],"line":102},"16":{"loc":{"start":{"line":103,"column":12},"end":{"line":105,"column":13}},"type":"if","locations":[{"start":{"line":103,"column":12},"end":{"line":105,"column":13}},{"start":{"line":103,"column":12},"end":{"line":105,"column":13}}],"line":103},"17":{"loc":{"start":{"line":108,"column":25},"end":{"line":108,"column":116}},"type":"cond-expr","locations":[{"start":{"line":108,"column":39},"end":{"line":108,"column":75}},{"start":{"line":108,"column":80},"end":{"line":108,"column":115}}],"line":108},"18":{"loc":{"start":{"line":113,"column":21},"end":{"line":114,"column":53}},"type":"cond-expr","locations":[{"start":{"line":113,"column":34},"end":{"line":113,"column":72}},{"start":{"line":114,"column":16},"end":{"line":114,"column":53}}],"line":113},"19":{"loc":{"start":{"line":127,"column":10},"end":{"line":134,"column":11}},"type":"if","locations":[{"start":{"line":127,"column":10},"end":{"line":134,"column":11}},{"start":{"line":127,"column":10},"end":{"line":134,"column":11}}],"line":127},"20":{"loc":{"start":{"line":128,"column":12},"end":{"line":130,"column":13}},"type":"if","locations":[{"start":{"line":128,"column":12},"end":{"line":130,"column":13}},{"start":{"line":128,"column":12},"end":{"line":130,"column":13}}],"line":128},"21":{"loc":{"start":{"line":130,"column":14},"end":{"line":132,"column":13}},"type":"if","locations":[{"start":{"line":130,"column":14},"end":{"line":132,"column":13}},{"start":{"line":130,"column":14},"end":{"line":132,"column":13}}],"line":130},"22":{"loc":{"start":{"line":140,"column":18},"end":{"line":142,"column":121}},"type":"cond-expr","locations":[{"start":{"line":141,"column":14},"end":{"line":141,"column":121}},{"start":{"line":142,"column":14},"end":{"line":142,"column":121}}],"line":140},"23":{"loc":{"start":{"line":146,"column":23},"end":{"line":147,"column":44}},"type":"cond-expr","locations":[{"start":{"line":146,"column":47},"end":{"line":146,"column":78}},{"start":{"line":147,"column":14},"end":{"line":147,"column":44}}],"line":146},"24":{"loc":{"start":{"line":151,"column":10},"end":{"line":163,"column":11}},"type":"if","locations":[{"start":{"line":151,"column":10},"end":{"line":163,"column":11}},{"start":{"line":151,"column":10},"end":{"line":163,"column":11}}],"line":151},"25":{"loc":{"start":{"line":152,"column":12},"end":{"line":156,"column":13}},"type":"if","locations":[{"start":{"line":152,"column":12},"end":{"line":156,"column":13}},{"start":{"line":152,"column":12},"end":{"line":156,"column":13}}],"line":152},"26":{"loc":{"start":{"line":153,"column":14},"end":{"line":155,"column":15}},"type":"if","locations":[{"start":{"line":153,"column":14},"end":{"line":155,"column":15}},{"start":{"line":153,"column":14},"end":{"line":155,"column":15}}],"line":153},"27":{"loc":{"start":{"line":157,"column":12},"end":{"line":160,"column":13}},"type":"if","locations":[{"start":{"line":157,"column":12},"end":{"line":160,"column":13}},{"start":{"line":157,"column":12},"end":{"line":160,"column":13}}],"line":157},"28":{"loc":{"start":{"line":164,"column":10},"end":{"line":164,"column":77}},"type":"if","locations":[{"start":{"line":164,"column":10},"end":{"line":164,"column":77}},{"start":{"line":164,"column":10},"end":{"line":164,"column":77}}],"line":164},"29":{"loc":{"start":{"line":171,"column":33},"end":{"line":172,"column":91}},"type":"cond-expr","locations":[{"start":{"line":171,"column":46},"end":{"line":172,"column":51}},{"start":{"line":172,"column":54},"end":{"line":172,"column":91}}],"line":171},"30":{"loc":{"start":{"line":173,"column":17},"end":{"line":174,"column":69}},"type":"cond-expr","locations":[{"start":{"line":173,"column":30},"end":{"line":173,"column":86}},{"start":{"line":174,"column":14},"end":{"line":174,"column":69}}],"line":173},"31":{"loc":{"start":{"line":186,"column":28},"end":{"line":187,"column":23}},"type":"cond-expr","locations":[{"start":{"line":186,"column":38},"end":{"line":186,"column":100}},{"start":{"line":187,"column":14},"end":{"line":187,"column":23}}],"line":186},"32":{"loc":{"start":{"line":188,"column":10},"end":{"line":188,"column":48}},"type":"if","locations":[{"start":{"line":188,"column":10},"end":{"line":188,"column":48}},{"start":{"line":188,"column":10},"end":{"line":188,"column":48}}],"line":188},"33":{"loc":{"start":{"line":196,"column":24},"end":{"line":197,"column":94}},"type":"cond-expr","locations":[{"start":{"line":196,"column":34},"end":{"line":196,"column":93}},{"start":{"line":197,"column":14},"end":{"line":197,"column":94}}],"line":196},"34":{"loc":{"start":{"line":198,"column":10},"end":{"line":202,"column":11}},"type":"if","locations":[{"start":{"line":198,"column":10},"end":{"line":202,"column":11}},{"start":{"line":198,"column":10},"end":{"line":202,"column":11}}],"line":198},"35":{"loc":{"start":{"line":200,"column":17},"end":{"line":202,"column":11}},"type":"if","locations":[{"start":{"line":200,"column":17},"end":{"line":202,"column":11}},{"start":{"line":200,"column":17},"end":{"line":202,"column":11}}],"line":200}},"s":{"0":4,"1":4,"2":2,"3":2,"4":2,"5":2,"6":1,"7":1,"8":1,"9":1,"10":1,"11":1,"12":1,"13":1,"14":1,"15":1,"16":1,"17":1,"18":1,"19":0,"20":0,"21":1,"22":0,"23":1,"24":0,"25":0,"26":0,"27":0,"28":0,"29":0,"30":1,"31":1,"32":1,"33":1,"34":1,"35":1,"36":0,"37":0,"38":0,"39":0,"40":0,"41":0,"42":0,"43":0,"44":0,"45":1,"46":1,"47":7,"48":4,"49":3,"50":0,"51":7,"52":0,"53":0,"54":7,"55":7,"56":7,"57":14,"58":14,"59":4,"60":10,"61":4,"62":6,"63":0,"64":14,"65":14,"66":16,"67":16,"68":16,"69":8,"70":0,"71":0,"72":8,"73":4,"74":4,"75":8,"76":4,"77":4,"78":3,"79":3,"80":3,"81":3,"82":3,"83":8,"84":8,"85":8,"86":8,"87":8,"88":8,"89":8,"90":8,"91":0,"92":8,"93":0,"94":8},"f":{"0":4,"1":2,"2":1,"3":1,"4":1,"5":1,"6":1,"7":1,"8":7,"9":14,"10":14,"11":16,"12":3,"13":3,"14":8,"15":8},"b":{"0":[1,0],"1":[1,0],"2":[0,1],"3":[0,0],"4":[0,1],"5":[0,0],"6":[0,0],"7":[0,1],"8":[0,0],"9":[0,0],"10":[0,0],"11":[0,0],"12":[0,0],"13":[4,3],"14":[0,3],"15":[0,7],"16":[0,0],"17":[0,7],"18":[0,7],"19":[14,0],"20":[4,10],"21":[4,6],"22":[0,14],"23":[0,16],"24":[8,8],"25":[0,8],"26":[0,0],"27":[4,4],"28":[4,4],"29":[0,3],"30":[0,3],"31":[0,8],"32":[8,0],"33":[0,8],"34":[0,8],"35":[0,8]},"_coverageSchema":"1a1c01bbd47fc00a2c39e90264f33305004495a9","hash":"8934b82463e92de7d8a59ed3ddb5094315702950"}
,"C:\\Users\\Gilmore\\Desktop\\FSD-Project-2\\source\\options\\options.ts": {"path":"C:\\Users\\Gilmore\\Desktop\\FSD-Project-2\\source\\options\\options.ts","statementMap":{"0":{"start":{"line":39,"column":53},"end":{"line":50,"column":1}}},"fnMap":{},"branchMap":{},"s":{"0":4},"f":{},"b":{},"_coverageSchema":"1a1c01bbd47fc00a2c39e90264f33305004495a9","hash":"c567a80984680e581b1fa6fe43a5c181e9280bcf"}
,"C:\\Users\\Gilmore\\Desktop\\FSD-Project-2\\source\\panel\\panel.ts": {"path":"C:\\Users\\Gilmore\\Desktop\\FSD-Project-2\\source\\panel\\panel.ts","statementMap":{"0":{"start":{"line":17,"column":6},"end":{"line":17,"column":14}},"1":{"start":{"line":18,"column":6},"end":{"line":18,"column":26}},"2":{"start":{"line":19,"column":6},"end":{"line":19,"column":29}},"3":{"start":{"line":20,"column":6},"end":{"line":20,"column":68}},"4":{"start":{"line":21,"column":6},"end":{"line":21,"column":83}},"5":{"start":{"line":22,"column":6},"end":{"line":22,"column":60}},"6":{"start":{"line":23,"column":6},"end":{"line":23,"column":86}},"7":{"start":{"line":24,"column":6},"end":{"line":24,"column":18}},"8":{"start":{"line":28,"column":6},"end":{"line":28,"column":29}},"9":{"start":{"line":29,"column":6},"end":{"line":29,"column":25}},"10":{"start":{"line":33,"column":6},"end":{"line":33,"column":23}},"11":{"start":{"line":34,"column":6},"end":{"line":34,"column":31}},"12":{"start":{"line":35,"column":6},"end":{"line":35,"column":96}},"13":{"start":{"line":35,"column":73},"end":{"line":35,"column":92}},"14":{"start":{"line":41,"column":10},"end":{"line":41,"column":22}},"15":{"start":{"line":42,"column":6},"end":{"line":42,"column":59}},"16":{"start":{"line":43,"column":6},"end":{"line":43,"column":59}},"17":{"start":{"line":44,"column":6},"end":{"line":44,"column":53}},"18":{"start":{"line":45,"column":6},"end":{"line":45,"column":57}},"19":{"start":{"line":46,"column":6},"end":{"line":46,"column":63}},"20":{"start":{"line":47,"column":6},"end":{"line":47,"column":52}},"21":{"start":{"line":48,"column":33},"end":{"line":48,"column":81}},"22":{"start":{"line":49,"column":6},"end":{"line":49,"column":55}},"23":{"start":{"line":50,"column":30},"end":{"line":50,"column":75}},"24":{"start":{"line":51,"column":6},"end":{"line":51,"column":49}},"25":{"start":{"line":52,"column":33},"end":{"line":52,"column":84}},"26":{"start":{"line":53,"column":6},"end":{"line":53,"column":55}},"27":{"start":{"line":57,"column":6},"end":{"line":62,"column":7}},"28":{"start":{"line":58,"column":8},"end":{"line":58,"column":60}},"29":{"start":{"line":59,"column":8},"end":{"line":59,"column":34}},"30":{"start":{"line":61,"column":8},"end":{"line":61,"column":40}},"31":{"start":{"line":66,"column":19},"end":{"line":66,"column":57}},"32":{"start":{"line":67,"column":6},"end":{"line":67,"column":38}},"33":{"start":{"line":68,"column":6},"end":{"line":68,"column":32}},"34":{"start":{"line":72,"column":6},"end":{"line":74,"column":9}},"35":{"start":{"line":73,"column":8},"end":{"line":73,"column":80}},"36":{"start":{"line":73,"column":53},"end":{"line":73,"column":76}},"37":{"start":{"line":78,"column":6},"end":{"line":92,"column":7}},"38":{"start":{"line":78,"column":19},"end":{"line":78,"column":20}},"39":{"start":{"line":79,"column":8},"end":{"line":91,"column":9}},"40":{"start":{"line":80,"column":10},"end":{"line":80,"column":58}},"41":{"start":{"line":81,"column":15},"end":{"line":91,"column":9}},"42":{"start":{"line":82,"column":10},"end":{"line":82,"column":58}},"43":{"start":{"line":83,"column":15},"end":{"line":91,"column":9}},"44":{"start":{"line":84,"column":10},"end":{"line":84,"column":55}},"45":{"start":{"line":85,"column":15},"end":{"line":91,"column":9}},"46":{"start":{"line":86,"column":10},"end":{"line":86,"column":57}},"47":{"start":{"line":87,"column":15},"end":{"line":91,"column":9}},"48":{"start":{"line":88,"column":10},"end":{"line":88,"column":60}},"49":{"start":{"line":89,"column":15},"end":{"line":91,"column":9}},"50":{"start":{"line":90,"column":10},"end":{"line":90,"column":55}},"51":{"start":{"line":96,"column":6},"end":{"line":116,"column":7}},"52":{"start":{"line":97,"column":8},"end":{"line":103,"column":9}},"53":{"start":{"line":98,"column":16},"end":{"line":98,"column":101}},"54":{"start":{"line":99,"column":15},"end":{"line":103,"column":9}},"55":{"start":{"line":100,"column":16},"end":{"line":100,"column":95}},"56":{"start":{"line":101,"column":15},"end":{"line":103,"column":9}},"57":{"start":{"line":102,"column":16},"end":{"line":102,"column":101}},"58":{"start":{"line":104,"column":13},"end":{"line":116,"column":7}},"59":{"start":{"line":105,"column":8},"end":{"line":105,"column":62}},"60":{"start":{"line":106,"column":13},"end":{"line":116,"column":7}},"61":{"start":{"line":107,"column":8},"end":{"line":107,"column":62}},"62":{"start":{"line":108,"column":13},"end":{"line":116,"column":7}},"63":{"start":{"line":109,"column":8},"end":{"line":109,"column":59}},"64":{"start":{"line":110,"column":13},"end":{"line":116,"column":7}},"65":{"start":{"line":111,"column":8},"end":{"line":111,"column":61}},"66":{"start":{"line":112,"column":13},"end":{"line":116,"column":7}},"67":{"start":{"line":113,"column":8},"end":{"line":113,"column":64}},"68":{"start":{"line":114,"column":13},"end":{"line":116,"column":7}},"69":{"start":{"line":115,"column":8},"end":{"line":115,"column":45}},"70":{"start":{"line":117,"column":6},"end":{"line":117,"column":47}},"71":{"start":{"line":122,"column":6},"end":{"line":122,"column":46}}},"fnMap":{"0":{"name":"(anonymous_0)","decl":{"start":{"line":16,"column":4},"end":{"line":16,"column":5}},"loc":{"start":{"line":16,"column":41},"end":{"line":25,"column":5}},"line":16},"1":{"name":"(anonymous_1)","decl":{"start":{"line":27,"column":4},"end":{"line":27,"column":5}},"loc":{"start":{"line":27,"column":42},"end":{"line":30,"column":5}},"line":27},"2":{"name":"(anonymous_2)","decl":{"start":{"line":32,"column":4},"end":{"line":32,"column":5}},"loc":{"start":{"line":32,"column":16},"end":{"line":36,"column":5}},"line":32},"3":{"name":"(anonymous_3)","decl":{"start":{"line":35,"column":46},"end":{"line":35,"column":47}},"loc":{"start":{"line":35,"column":71},"end":{"line":35,"column":94}},"line":35},"4":{"name":"(anonymous_4)","decl":{"start":{"line":38,"column":4},"end":{"line":38,"column":5}},"loc":{"start":{"line":38,"column":21},"end":{"line":54,"column":5}},"line":38},"5":{"name":"(anonymous_5)","decl":{"start":{"line":56,"column":4},"end":{"line":56,"column":5}},"loc":{"start":{"line":56,"column":56},"end":{"line":63,"column":5}},"line":56},"6":{"name":"(anonymous_6)","decl":{"start":{"line":65,"column":4},"end":{"line":65,"column":5}},"loc":{"start":{"line":65,"column":67},"end":{"line":69,"column":5}},"line":65},"7":{"name":"(anonymous_7)","decl":{"start":{"line":71,"column":4},"end":{"line":71,"column":5}},"loc":{"start":{"line":71,"column":29},"end":{"line":75,"column":5}},"line":71},"8":{"name":"(anonymous_8)","decl":{"start":{"line":72,"column":29},"end":{"line":72,"column":30}},"loc":{"start":{"line":72,"column":42},"end":{"line":74,"column":7}},"line":72},"9":{"name":"(anonymous_9)","decl":{"start":{"line":73,"column":43},"end":{"line":73,"column":44}},"loc":{"start":{"line":73,"column":51},"end":{"line":73,"column":78}},"line":73},"10":{"name":"(anonymous_10)","decl":{"start":{"line":77,"column":4},"end":{"line":77,"column":5}},"loc":{"start":{"line":77,"column":23},"end":{"line":93,"column":5}},"line":77},"11":{"name":"(anonymous_11)","decl":{"start":{"line":95,"column":4},"end":{"line":95,"column":5}},"loc":{"start":{"line":95,"column":33},"end":{"line":118,"column":5}},"line":95},"12":{"name":"(anonymous_12)","decl":{"start":{"line":121,"column":4},"end":{"line":121,"column":5}},"loc":{"start":{"line":121,"column":32},"end":{"line":123,"column":5}},"line":121}},"branchMap":{"0":{"loc":{"start":{"line":57,"column":6},"end":{"line":62,"column":7}},"type":"if","locations":[{"start":{"line":57,"column":6},"end":{"line":62,"column":7}},{"start":{"line":57,"column":6},"end":{"line":62,"column":7}}],"line":57},"1":{"loc":{"start":{"line":58,"column":8},"end":{"line":58,"column":59}},"type":"cond-expr","locations":[{"start":{"line":58,"column":17},"end":{"line":58,"column":36}},{"start":{"line":58,"column":39},"end":{"line":58,"column":59}}],"line":58},"2":{"loc":{"start":{"line":79,"column":8},"end":{"line":91,"column":9}},"type":"if","locations":[{"start":{"line":79,"column":8},"end":{"line":91,"column":9}},{"start":{"line":79,"column":8},"end":{"line":91,"column":9}}],"line":79},"3":{"loc":{"start":{"line":81,"column":15},"end":{"line":91,"column":9}},"type":"if","locations":[{"start":{"line":81,"column":15},"end":{"line":91,"column":9}},{"start":{"line":81,"column":15},"end":{"line":91,"column":9}}],"line":81},"4":{"loc":{"start":{"line":83,"column":15},"end":{"line":91,"column":9}},"type":"if","locations":[{"start":{"line":83,"column":15},"end":{"line":91,"column":9}},{"start":{"line":83,"column":15},"end":{"line":91,"column":9}}],"line":83},"5":{"loc":{"start":{"line":85,"column":15},"end":{"line":91,"column":9}},"type":"if","locations":[{"start":{"line":85,"column":15},"end":{"line":91,"column":9}},{"start":{"line":85,"column":15},"end":{"line":91,"column":9}}],"line":85},"6":{"loc":{"start":{"line":87,"column":15},"end":{"line":91,"column":9}},"type":"if","locations":[{"start":{"line":87,"column":15},"end":{"line":91,"column":9}},{"start":{"line":87,"column":15},"end":{"line":91,"column":9}}],"line":87},"7":{"loc":{"start":{"line":89,"column":15},"end":{"line":91,"column":9}},"type":"if","locations":[{"start":{"line":89,"column":15},"end":{"line":91,"column":9}},{"start":{"line":89,"column":15},"end":{"line":91,"column":9}}],"line":89},"8":{"loc":{"start":{"line":96,"column":6},"end":{"line":116,"column":7}},"type":"if","locations":[{"start":{"line":96,"column":6},"end":{"line":116,"column":7}},{"start":{"line":96,"column":6},"end":{"line":116,"column":7}}],"line":96},"9":{"loc":{"start":{"line":97,"column":8},"end":{"line":103,"column":9}},"type":"if","locations":[{"start":{"line":97,"column":8},"end":{"line":103,"column":9}},{"start":{"line":97,"column":8},"end":{"line":103,"column":9}}],"line":97},"10":{"loc":{"start":{"line":98,"column":16},"end":{"line":98,"column":100}},"type":"cond-expr","locations":[{"start":{"line":98,"column":36},"end":{"line":98,"column":66}},{"start":{"line":98,"column":69},"end":{"line":98,"column":100}}],"line":98},"11":{"loc":{"start":{"line":99,"column":15},"end":{"line":103,"column":9}},"type":"if","locations":[{"start":{"line":99,"column":15},"end":{"line":103,"column":9}},{"start":{"line":99,"column":15},"end":{"line":103,"column":9}}],"line":99},"12":{"loc":{"start":{"line":100,"column":16},"end":{"line":100,"column":94}},"type":"cond-expr","locations":[{"start":{"line":100,"column":36},"end":{"line":100,"column":63}},{"start":{"line":100,"column":66},"end":{"line":100,"column":94}}],"line":100},"13":{"loc":{"start":{"line":101,"column":15},"end":{"line":103,"column":9}},"type":"if","locations":[{"start":{"line":101,"column":15},"end":{"line":103,"column":9}},{"start":{"line":101,"column":15},"end":{"line":103,"column":9}}],"line":101},"14":{"loc":{"start":{"line":102,"column":16},"end":{"line":102,"column":100}},"type":"cond-expr","locations":[{"start":{"line":102,"column":36},"end":{"line":102,"column":66}},{"start":{"line":102,"column":69},"end":{"line":102,"column":100}}],"line":102},"15":{"loc":{"start":{"line":104,"column":13},"end":{"line":116,"column":7}},"type":"if","locations":[{"start":{"line":104,"column":13},"end":{"line":116,"column":7}},{"start":{"line":104,"column":13},"end":{"line":116,"column":7}}],"line":104},"16":{"loc":{"start":{"line":106,"column":13},"end":{"line":116,"column":7}},"type":"if","locations":[{"start":{"line":106,"column":13},"end":{"line":116,"column":7}},{"start":{"line":106,"column":13},"end":{"line":116,"column":7}}],"line":106},"17":{"loc":{"start":{"line":108,"column":13},"end":{"line":116,"column":7}},"type":"if","locations":[{"start":{"line":108,"column":13},"end":{"line":116,"column":7}},{"start":{"line":108,"column":13},"end":{"line":116,"column":7}}],"line":108},"18":{"loc":{"start":{"line":110,"column":13},"end":{"line":116,"column":7}},"type":"if","locations":[{"start":{"line":110,"column":13},"end":{"line":116,"column":7}},{"start":{"line":110,"column":13},"end":{"line":116,"column":7}}],"line":110},"19":{"loc":{"start":{"line":112,"column":13},"end":{"line":116,"column":7}},"type":"if","locations":[{"start":{"line":112,"column":13},"end":{"line":116,"column":7}},{"start":{"line":112,"column":13},"end":{"line":116,"column":7}}],"line":112},"20":{"loc":{"start":{"line":114,"column":13},"end":{"line":116,"column":7}},"type":"if","locations":[{"start":{"line":114,"column":13},"end":{"line":116,"column":7}},{"start":{"line":114,"column":13},"end":{"line":116,"column":7}}],"line":114}},"s":{"0":0,"1":0,"2":0,"3":0,"4":0,"5":0,"6":0,"7":0,"8":0,"9":0,"10":0,"11":0,"12":0,"13":0,"14":0,"15":0,"16":0,"17":0,"18":0,"19":0,"20":0,"21":0,"22":0,"23":0,"24":0,"25":0,"26":0,"27":0,"28":0,"29":0,"30":0,"31":0,"32":0,"33":0,"34":0,"35":0,"36":0,"37":0,"38":0,"39":0,"40":0,"41":0,"42":0,"43":0,"44":0,"45":0,"46":0,"47":0,"48":0,"49":0,"50":0,"51":0,"52":0,"53":0,"54":0,"55":0,"56":0,"57":0,"58":0,"59":0,"60":0,"61":0,"62":0,"63":0,"64":0,"65":0,"66":0,"67":0,"68":0,"69":0,"70":0,"71":0},"f":{"0":0,"1":0,"2":0,"3":0,"4":0,"5":0,"6":0,"7":0,"8":0,"9":0,"10":0,"11":0,"12":0},"b":{"0":[0,0],"1":[0,0],"2":[0,0],"3":[0,0],"4":[0,0],"5":[0,0],"6":[0,0],"7":[0,0],"8":[0,0],"9":[0,0],"10":[0,0],"11":[0,0],"12":[0,0],"13":[0,0],"14":[0,0],"15":[0,0],"16":[0,0],"17":[0,0],"18":[0,0],"19":[0,0],"20":[0,0]},"_coverageSchema":"1a1c01bbd47fc00a2c39e90264f33305004495a9","hash":"7740f2e1a4c701c79b036e72654c0a86d4f9c9e8"}
,"C:\\Users\\Gilmore\\Desktop\\FSD-Project-2\\source\\presenter\\presenter.ts": {"path":"C:\\Users\\Gilmore\\Desktop\\FSD-Project-2\\source\\presenter\\presenter.ts","statementMap":{"0":{"start":{"line":17,"column":6},"end":{"line":17,"column":14}},"1":{"start":{"line":18,"column":6},"end":{"line":18,"column":51}},"2":{"start":{"line":19,"column":6},"end":{"line":19,"column":38}},"3":{"start":{"line":20,"column":6},"end":{"line":20,"column":38}},"4":{"start":{"line":21,"column":6},"end":{"line":21,"column":18}},"5":{"start":{"line":25,"column":6},"end":{"line":25,"column":31}},"6":{"start":{"line":26,"column":6},"end":{"line":26,"column":65}},"7":{"start":{"line":30,"column":37},"end":{"line":30,"column":41}},"8":{"start":{"line":31,"column":6},"end":{"line":31,"column":88}},"9":{"start":{"line":31,"column":63},"end":{"line":31,"column":84}},"10":{"start":{"line":32,"column":6},"end":{"line":32,"column":109}},"11":{"start":{"line":32,"column":78},"end":{"line":32,"column":105}},"12":{"start":{"line":33,"column":6},"end":{"line":33,"column":129}},"13":{"start":{"line":33,"column":92},"end":{"line":33,"column":125}},"14":{"start":{"line":34,"column":6},"end":{"line":34,"column":182}},"15":{"start":{"line":34,"column":148},"end":{"line":34,"column":178}},"16":{"start":{"line":35,"column":6},"end":{"line":35,"column":175}},"17":{"start":{"line":35,"column":141},"end":{"line":35,"column":171}},"18":{"start":{"line":36,"column":6},"end":{"line":36,"column":169}},"19":{"start":{"line":36,"column":69},"end":{"line":36,"column":92}},"20":{"start":{"line":36,"column":108},"end":{"line":36,"column":131}},"21":{"start":{"line":36,"column":133},"end":{"line":36,"column":165}},"22":{"start":{"line":37,"column":6},"end":{"line":37,"column":100}},"23":{"start":{"line":37,"column":75},"end":{"line":37,"column":96}}},"fnMap":{"0":{"name":"(anonymous_0)","decl":{"start":{"line":16,"column":4},"end":{"line":16,"column":5}},"loc":{"start":{"line":16,"column":40},"end":{"line":22,"column":5}},"line":16},"1":{"name":"(anonymous_1)","decl":{"start":{"line":24,"column":4},"end":{"line":24,"column":5}},"loc":{"start":{"line":24,"column":16},"end":{"line":27,"column":5}},"line":24},"2":{"name":"(anonymous_2)","decl":{"start":{"line":29,"column":4},"end":{"line":29,"column":5}},"loc":{"start":{"line":29,"column":29},"end":{"line":38,"column":5}},"line":29},"3":{"name":"(anonymous_3)","decl":{"start":{"line":31,"column":38},"end":{"line":31,"column":39}},"loc":{"start":{"line":31,"column":61},"end":{"line":31,"column":86}},"line":31},"4":{"name":"(anonymous_4)","decl":{"start":{"line":32,"column":39},"end":{"line":32,"column":40}},"loc":{"start":{"line":32,"column":76},"end":{"line":32,"column":107}},"line":32},"5":{"name":"(anonymous_5)","decl":{"start":{"line":33,"column":39},"end":{"line":33,"column":40}},"loc":{"start":{"line":33,"column":90},"end":{"line":33,"column":127}},"line":33},"6":{"name":"(anonymous_6)","decl":{"start":{"line":34,"column":38},"end":{"line":34,"column":39}},"loc":{"start":{"line":34,"column":146},"end":{"line":34,"column":180}},"line":34},"7":{"name":"(anonymous_7)","decl":{"start":{"line":35,"column":31},"end":{"line":35,"column":32}},"loc":{"start":{"line":35,"column":139},"end":{"line":35,"column":173}},"line":35},"8":{"name":"(anonymous_8)","decl":{"start":{"line":36,"column":39},"end":{"line":36,"column":40}},"loc":{"start":{"line":36,"column":67},"end":{"line":36,"column":167}},"line":36},"9":{"name":"(anonymous_9)","decl":{"start":{"line":37,"column":47},"end":{"line":37,"column":48}},"loc":{"start":{"line":37,"column":73},"end":{"line":37,"column":98}},"line":37}},"branchMap":{},"s":{"0":1,"1":1,"2":1,"3":1,"4":1,"5":1,"6":1,"7":1,"8":1,"9":1,"10":1,"11":0,"12":1,"13":0,"14":1,"15":0,"16":1,"17":0,"18":1,"19":0,"20":0,"21":0,"22":1,"23":1},"f":{"0":1,"1":1,"2":1,"3":1,"4":0,"5":0,"6":0,"7":0,"8":0,"9":1},"b":{},"_coverageSchema":"1a1c01bbd47fc00a2c39e90264f33305004495a9","hash":"8ea96fcb0d4b47445f6882bbd1b6be2c8ca34ae4"}
,"C:\\Users\\Gilmore\\Desktop\\FSD-Project-2\\source\\tests\\test-import.js": {"path":"C:\\Users\\Gilmore\\Desktop\\FSD-Project-2\\source\\tests\\test-import.js","statementMap":{"0":{"start":{"line":7,"column":19},"end":{"line":7,"column":53}},"1":{"start":{"line":8,"column":0},"end":{"line":8,"column":29}},"2":{"start":{"line":10,"column":21},"end":{"line":30,"column":1}},"3":{"start":{"line":31,"column":21},"end":{"line":51,"column":1}},"4":{"start":{"line":52,"column":20},"end":{"line":64,"column":1}},"5":{"start":{"line":65,"column":20},"end":{"line":77,"column":1}},"6":{"start":{"line":78,"column":13},"end":{"line":78,"column":50}},"7":{"start":{"line":79,"column":19},"end":{"line":79,"column":23}},"8":{"start":{"line":80,"column":72},"end":{"line":80,"column":80}}},"fnMap":{},"branchMap":{},"s":{"0":1,"1":1,"2":1,"3":1,"4":1,"5":1,"6":1,"7":1,"8":1},"f":{},"b":{},"_coverageSchema":"1a1c01bbd47fc00a2c39e90264f33305004495a9","hash":"a7c361d7d781ea33bbec42b4f6eb53d1092588c3"}
,"C:\\Users\\Gilmore\\Desktop\\FSD-Project-2\\source\\view\\view.ts": {"path":"C:\\Users\\Gilmore\\Desktop\\FSD-Project-2\\source\\view\\view.ts","statementMap":{"0":{"start":{"line":15,"column":4},"end":{"line":15,"column":12}},"1":{"start":{"line":16,"column":4},"end":{"line":16,"column":50}},"2":{"start":{"line":17,"column":4},"end":{"line":17,"column":56}},"3":{"start":{"line":18,"column":4},"end":{"line":18,"column":39}},"4":{"start":{"line":19,"column":4},"end":{"line":19,"column":46}},"5":{"start":{"line":20,"column":4},"end":{"line":20,"column":16}},"6":{"start":{"line":24,"column":4},"end":{"line":24,"column":29}},"7":{"start":{"line":28,"column":4},"end":{"line":28,"column":102}},"8":{"start":{"line":28,"column":46},"end":{"line":28,"column":98}},"9":{"start":{"line":29,"column":4},"end":{"line":29,"column":95}},"10":{"start":{"line":29,"column":46},"end":{"line":29,"column":91}},"11":{"start":{"line":30,"column":4},"end":{"line":30,"column":126}},"12":{"start":{"line":30,"column":88},"end":{"line":30,"column":122}},"13":{"start":{"line":31,"column":4},"end":{"line":31,"column":138}},"14":{"start":{"line":31,"column":100},"end":{"line":31,"column":134}},"15":{"start":{"line":32,"column":4},"end":{"line":32,"column":38}},"16":{"start":{"line":37,"column":4},"end":{"line":37,"column":41}},"17":{"start":{"line":41,"column":4},"end":{"line":41,"column":25}},"18":{"start":{"line":45,"column":28},"end":{"line":45,"column":38}},"19":{"start":{"line":46,"column":4},"end":{"line":50,"column":5}},"20":{"start":{"line":47,"column":6},"end":{"line":47,"column":44}},"21":{"start":{"line":49,"column":6},"end":{"line":49,"column":47}},"22":{"start":{"line":51,"column":4},"end":{"line":51,"column":51}}},"fnMap":{"0":{"name":"(anonymous_0)","decl":{"start":{"line":14,"column":2},"end":{"line":14,"column":3}},"loc":{"start":{"line":14,"column":37},"end":{"line":21,"column":3}},"line":14},"1":{"name":"(anonymous_1)","decl":{"start":{"line":23,"column":2},"end":{"line":23,"column":3}},"loc":{"start":{"line":23,"column":14},"end":{"line":25,"column":3}},"line":23},"2":{"name":"(anonymous_2)","decl":{"start":{"line":27,"column":2},"end":{"line":27,"column":3}},"loc":{"start":{"line":27,"column":22},"end":{"line":33,"column":3}},"line":27},"3":{"name":"(anonymous_3)","decl":{"start":{"line":28,"column":38},"end":{"line":28,"column":39}},"loc":{"start":{"line":28,"column":44},"end":{"line":28,"column":100}},"line":28},"4":{"name":"(anonymous_4)","decl":{"start":{"line":29,"column":38},"end":{"line":29,"column":39}},"loc":{"start":{"line":29,"column":44},"end":{"line":29,"column":93}},"line":29},"5":{"name":"(anonymous_5)","decl":{"start":{"line":30,"column":46},"end":{"line":30,"column":47}},"loc":{"start":{"line":30,"column":86},"end":{"line":30,"column":124}},"line":30},"6":{"name":"(anonymous_6)","decl":{"start":{"line":31,"column":46},"end":{"line":31,"column":47}},"loc":{"start":{"line":31,"column":98},"end":{"line":31,"column":136}},"line":31},"7":{"name":"(anonymous_7)","decl":{"start":{"line":35,"column":2},"end":{"line":35,"column":3}},"loc":{"start":{"line":36,"column":47},"end":{"line":38,"column":3}},"line":36},"8":{"name":"(anonymous_8)","decl":{"start":{"line":40,"column":2},"end":{"line":40,"column":3}},"loc":{"start":{"line":40,"column":38},"end":{"line":42,"column":3}},"line":40},"9":{"name":"(anonymous_9)","decl":{"start":{"line":44,"column":2},"end":{"line":44,"column":3}},"loc":{"start":{"line":44,"column":45},"end":{"line":52,"column":3}},"line":44}},"branchMap":{"0":{"loc":{"start":{"line":46,"column":4},"end":{"line":50,"column":5}},"type":"if","locations":[{"start":{"line":46,"column":4},"end":{"line":50,"column":5}},{"start":{"line":46,"column":4},"end":{"line":50,"column":5}}],"line":46}},"s":{"0":2,"1":2,"2":2,"3":2,"4":2,"5":2,"6":2,"7":2,"8":0,"9":2,"10":0,"11":2,"12":1,"13":2,"14":1,"15":2,"16":2,"17":3,"18":3,"19":3,"20":1,"21":2,"22":3},"f":{"0":2,"1":2,"2":2,"3":0,"4":0,"5":1,"6":1,"7":2,"8":3,"9":3},"b":{"0":[1,2]},"_coverageSchema":"1a1c01bbd47fc00a2c39e90264f33305004495a9","hash":"e630035d760c12d9209b78947b02b1f93e91b3eb"}
,"C:\\Users\\Gilmore\\Desktop\\FSD-Project-2\\source\\view\\viewBar.ts": {"path":"C:\\Users\\Gilmore\\Desktop\\FSD-Project-2\\source\\view\\viewBar.ts","statementMap":{"0":{"start":{"line":7,"column":4},"end":{"line":7,"column":58}},"1":{"start":{"line":8,"column":4},"end":{"line":8,"column":36}},"2":{"start":{"line":12,"column":4},"end":{"line":12,"column":104}}},"fnMap":{"0":{"name":"(anonymous_0)","decl":{"start":{"line":6,"column":2},"end":{"line":6,"column":3}},"loc":{"start":{"line":6,"column":38},"end":{"line":9,"column":3}},"line":6},"1":{"name":"(anonymous_1)","decl":{"start":{"line":11,"column":2},"end":{"line":11,"column":3}},"loc":{"start":{"line":11,"column":67},"end":{"line":13,"column":3}},"line":11}},"branchMap":{},"s":{"0":2,"1":2,"2":4},"f":{"0":2,"1":4},"b":{},"_coverageSchema":"1a1c01bbd47fc00a2c39e90264f33305004495a9","hash":"f40438f4d6fbca57281689ab1c524842469bd3fe"}
,"C:\\Users\\Gilmore\\Desktop\\FSD-Project-2\\source\\view\\viewBody.ts": {"path":"C:\\Users\\Gilmore\\Desktop\\FSD-Project-2\\source\\view\\viewBody.ts","statementMap":{"0":{"start":{"line":21,"column":4},"end":{"line":21,"column":12}},"1":{"start":{"line":22,"column":4},"end":{"line":22,"column":60}},"2":{"start":{"line":23,"column":4},"end":{"line":23,"column":35}},"3":{"start":{"line":24,"column":4},"end":{"line":24,"column":48}},"4":{"start":{"line":25,"column":4},"end":{"line":25,"column":58}},"5":{"start":{"line":26,"column":4},"end":{"line":26,"column":57}},"6":{"start":{"line":27,"column":4},"end":{"line":27,"column":52}},"7":{"start":{"line":31,"column":4},"end":{"line":35,"column":6}},"8":{"start":{"line":39,"column":4},"end":{"line":42,"column":6}},"9":{"start":{"line":46,"column":4},"end":{"line":49,"column":6}},"10":{"start":{"line":55,"column":8},"end":{"line":55,"column":18}},"11":{"start":{"line":56,"column":4},"end":{"line":56,"column":59}},"12":{"start":{"line":57,"column":4},"end":{"line":57,"column":71}},"13":{"start":{"line":58,"column":4},"end":{"line":58,"column":42}},"14":{"start":{"line":59,"column":4},"end":{"line":59,"column":59}},"15":{"start":{"line":63,"column":4},"end":{"line":63,"column":41}},"16":{"start":{"line":67,"column":4},"end":{"line":69,"column":5}},"17":{"start":{"line":68,"column":6},"end":{"line":68,"column":73}},"18":{"start":{"line":73,"column":4},"end":{"line":73,"column":93}},"19":{"start":{"line":73,"column":56},"end":{"line":73,"column":89}},"20":{"start":{"line":74,"column":4},"end":{"line":74,"column":141}},"21":{"start":{"line":74,"column":103},"end":{"line":74,"column":137}},"22":{"start":{"line":75,"column":4},"end":{"line":75,"column":37}}},"fnMap":{"0":{"name":"(anonymous_0)","decl":{"start":{"line":20,"column":2},"end":{"line":20,"column":3}},"loc":{"start":{"line":20,"column":34},"end":{"line":28,"column":3}},"line":20},"1":{"name":"(anonymous_1)","decl":{"start":{"line":30,"column":2},"end":{"line":30,"column":3}},"loc":{"start":{"line":30,"column":18},"end":{"line":36,"column":3}},"line":30},"2":{"name":"(anonymous_2)","decl":{"start":{"line":38,"column":2},"end":{"line":38,"column":3}},"loc":{"start":{"line":38,"column":38},"end":{"line":43,"column":3}},"line":38},"3":{"name":"(anonymous_3)","decl":{"start":{"line":45,"column":2},"end":{"line":45,"column":3}},"loc":{"start":{"line":45,"column":39},"end":{"line":50,"column":3}},"line":45},"4":{"name":"(anonymous_4)","decl":{"start":{"line":52,"column":2},"end":{"line":52,"column":3}},"loc":{"start":{"line":52,"column":50},"end":{"line":60,"column":3}},"line":52},"5":{"name":"(anonymous_5)","decl":{"start":{"line":62,"column":2},"end":{"line":62,"column":3}},"loc":{"start":{"line":62,"column":47},"end":{"line":64,"column":3}},"line":62},"6":{"name":"(anonymous_6)","decl":{"start":{"line":66,"column":2},"end":{"line":66,"column":3}},"loc":{"start":{"line":66,"column":47},"end":{"line":70,"column":3}},"line":66},"7":{"name":"(anonymous_7)","decl":{"start":{"line":72,"column":2},"end":{"line":72,"column":3}},"loc":{"start":{"line":72,"column":27},"end":{"line":76,"column":3}},"line":72},"8":{"name":"(anonymous_8)","decl":{"start":{"line":73,"column":46},"end":{"line":73,"column":47}},"loc":{"start":{"line":73,"column":54},"end":{"line":73,"column":91}},"line":73},"9":{"name":"(anonymous_9)","decl":{"start":{"line":74,"column":50},"end":{"line":74,"column":51}},"loc":{"start":{"line":74,"column":101},"end":{"line":74,"column":139}},"line":74}},"branchMap":{"0":{"loc":{"start":{"line":67,"column":4},"end":{"line":69,"column":5}},"type":"if","locations":[{"start":{"line":67,"column":4},"end":{"line":69,"column":5}},{"start":{"line":67,"column":4},"end":{"line":69,"column":5}}],"line":67}},"s":{"0":2,"1":2,"2":2,"3":2,"4":2,"5":2,"6":2,"7":2,"8":2,"9":2,"10":4,"11":4,"12":4,"13":4,"14":4,"15":2,"16":1,"17":1,"18":2,"19":1,"20":2,"21":1,"22":2},"f":{"0":2,"1":2,"2":2,"3":2,"4":4,"5":2,"6":1,"7":2,"8":1,"9":1},"b":{"0":[1,0]},"_coverageSchema":"1a1c01bbd47fc00a2c39e90264f33305004495a9","hash":"8fd4fe621b0aa05040a2a3285b8dd3d410ea7fcb"}
,"C:\\Users\\Gilmore\\Desktop\\FSD-Project-2\\source\\view\\viewHandlers.ts": {"path":"C:\\Users\\Gilmore\\Desktop\\FSD-Project-2\\source\\view\\viewHandlers.ts","statementMap":{"0":{"start":{"line":4,"column":23},"end":{"line":7,"column":1}},"1":{"start":{"line":14,"column":4},"end":{"line":14,"column":12}},"2":{"start":{"line":15,"column":4},"end":{"line":15,"column":61}},"3":{"start":{"line":16,"column":4},"end":{"line":16,"column":65}},"4":{"start":{"line":17,"column":4},"end":{"line":17,"column":41}},"5":{"start":{"line":18,"column":4},"end":{"line":18,"column":43}},"6":{"start":{"line":22,"column":4},"end":{"line":22,"column":36}},"7":{"start":{"line":26,"column":4},"end":{"line":27,"column":122}},"8":{"start":{"line":28,"column":4},"end":{"line":28,"column":72}},"9":{"start":{"line":32,"column":32},"end":{"line":32,"column":36}},"10":{"start":{"line":34,"column":6},"end":{"line":34,"column":113}},"11":{"start":{"line":37,"column":6},"end":{"line":37,"column":61}},"12":{"start":{"line":38,"column":6},"end":{"line":38,"column":57}},"13":{"start":{"line":41,"column":6},"end":{"line":41,"column":19}},"14":{"start":{"line":43,"column":4},"end":{"line":43,"column":56}},"15":{"start":{"line":44,"column":4},"end":{"line":44,"column":52}},"16":{"start":{"line":45,"column":4},"end":{"line":45,"column":56}},"17":{"start":{"line":49,"column":4},"end":{"line":49,"column":99}},"18":{"start":{"line":49,"column":57},"end":{"line":49,"column":95}},"19":{"start":{"line":50,"column":4},"end":{"line":50,"column":103}},"20":{"start":{"line":50,"column":59},"end":{"line":50,"column":99}}},"fnMap":{"0":{"name":"(anonymous_0)","decl":{"start":{"line":13,"column":2},"end":{"line":13,"column":3}},"loc":{"start":{"line":13,"column":38},"end":{"line":19,"column":3}},"line":13},"1":{"name":"(anonymous_1)","decl":{"start":{"line":21,"column":2},"end":{"line":21,"column":3}},"loc":{"start":{"line":21,"column":27},"end":{"line":23,"column":3}},"line":21},"2":{"name":"(anonymous_2)","decl":{"start":{"line":25,"column":2},"end":{"line":25,"column":3}},"loc":{"start":{"line":25,"column":82},"end":{"line":29,"column":3}},"line":25},"3":{"name":"(anonymous_3)","decl":{"start":{"line":31,"column":2},"end":{"line":31,"column":3}},"loc":{"start":{"line":31,"column":54},"end":{"line":46,"column":3}},"line":31},"4":{"name":"onMouseMove","decl":{"start":{"line":33,"column":13},"end":{"line":33,"column":24}},"loc":{"start":{"line":33,"column":43},"end":{"line":35,"column":5}},"line":33},"5":{"name":"onMouseUp","decl":{"start":{"line":36,"column":13},"end":{"line":36,"column":22}},"loc":{"start":{"line":36,"column":25},"end":{"line":39,"column":5}},"line":36},"6":{"name":"onDragStart","decl":{"start":{"line":40,"column":13},"end":{"line":40,"column":24}},"loc":{"start":{"line":40,"column":27},"end":{"line":42,"column":5}},"line":40},"7":{"name":"(anonymous_7)","decl":{"start":{"line":48,"column":2},"end":{"line":48,"column":3}},"loc":{"start":{"line":48,"column":17},"end":{"line":51,"column":3}},"line":48},"8":{"name":"(anonymous_8)","decl":{"start":{"line":49,"column":47},"end":{"line":49,"column":48}},"loc":{"start":{"line":49,"column":55},"end":{"line":49,"column":97}},"line":49},"9":{"name":"(anonymous_9)","decl":{"start":{"line":50,"column":49},"end":{"line":50,"column":50}},"loc":{"start":{"line":50,"column":57},"end":{"line":50,"column":101}},"line":50}},"branchMap":{"0":{"loc":{"start":{"line":26,"column":4},"end":{"line":27,"column":121}},"type":"cond-expr","locations":[{"start":{"line":26,"column":15},"end":{"line":26,"column":129}},{"start":{"line":27,"column":9},"end":{"line":27,"column":120}}],"line":26}},"s":{"0":3,"1":2,"2":2,"3":2,"4":2,"5":2,"6":2,"7":4,"8":4,"9":1,"10":1,"11":1,"12":1,"13":0,"14":1,"15":1,"16":1,"17":2,"18":0,"19":2,"20":1},"f":{"0":2,"1":2,"2":4,"3":1,"4":1,"5":1,"6":0,"7":2,"8":0,"9":1},"b":{"0":[3,1]},"_coverageSchema":"1a1c01bbd47fc00a2c39e90264f33305004495a9","hash":"b909a2be2222eda88c8452a3ee1b9290a886f546"}
,"C:\\Users\\Gilmore\\Desktop\\FSD-Project-2\\source\\view\\viewScale.ts": {"path":"C:\\Users\\Gilmore\\Desktop\\FSD-Project-2\\source\\view\\viewScale.ts","statementMap":{"0":{"start":{"line":3,"column":19},"end":{"line":7,"column":1}},"1":{"start":{"line":8,"column":26},"end":{"line":9,"column":54}},"2":{"start":{"line":10,"column":26},"end":{"line":10,"column":112}},"3":{"start":{"line":11,"column":26},"end":{"line":11,"column":92}},"4":{"start":{"line":12,"column":26},"end":{"line":12,"column":72}},"5":{"start":{"line":19,"column":6},"end":{"line":19,"column":68}},"6":{"start":{"line":20,"column":6},"end":{"line":20,"column":45}},"7":{"start":{"line":21,"column":6},"end":{"line":21,"column":22}},"8":{"start":{"line":22,"column":6},"end":{"line":22,"column":18}},"9":{"start":{"line":26,"column":6},"end":{"line":32,"column":7}},"10":{"start":{"line":26,"column":19},"end":{"line":26,"column":20}},"11":{"start":{"line":27,"column":24},"end":{"line":27,"column":94}},"12":{"start":{"line":28,"column":26},"end":{"line":28,"column":62}},"13":{"start":{"line":29,"column":8},"end":{"line":29,"column":34}},"14":{"start":{"line":30,"column":8},"end":{"line":30,"column":33}},"15":{"start":{"line":31,"column":8},"end":{"line":31,"column":44}},"16":{"start":{"line":36,"column":19},"end":{"line":37,"column":60}},"17":{"start":{"line":38,"column":6},"end":{"line":46,"column":7}},"18":{"start":{"line":38,"column":19},"end":{"line":38,"column":20}},"19":{"start":{"line":39,"column":8},"end":{"line":45,"column":9}},"20":{"start":{"line":40,"column":10},"end":{"line":40,"column":73}},"21":{"start":{"line":41,"column":10},"end":{"line":41,"column":70}},"22":{"start":{"line":43,"column":10},"end":{"line":43,"column":99}},"23":{"start":{"line":44,"column":10},"end":{"line":44,"column":133}},"24":{"start":{"line":47,"column":6},"end":{"line":47,"column":36}},"25":{"start":{"line":51,"column":6},"end":{"line":59,"column":7}},"26":{"start":{"line":52,"column":8},"end":{"line":52,"column":54}},"27":{"start":{"line":53,"column":13},"end":{"line":59,"column":7}},"28":{"start":{"line":54,"column":8},"end":{"line":54,"column":54}},"29":{"start":{"line":55,"column":13},"end":{"line":59,"column":7}},"30":{"start":{"line":56,"column":8},"end":{"line":56,"column":54}},"31":{"start":{"line":57,"column":13},"end":{"line":59,"column":7}},"32":{"start":{"line":58,"column":8},"end":{"line":58,"column":54}},"33":{"start":{"line":63,"column":6},"end":{"line":71,"column":7}},"34":{"start":{"line":63,"column":19},"end":{"line":63,"column":20}},"35":{"start":{"line":64,"column":8},"end":{"line":64,"column":46}},"36":{"start":{"line":65,"column":8},"end":{"line":70,"column":9}},"37":{"start":{"line":65,"column":21},"end":{"line":65,"column":22}},"38":{"start":{"line":66,"column":10},"end":{"line":69,"column":11}},"39":{"start":{"line":67,"column":12},"end":{"line":67,"column":53}},"40":{"start":{"line":68,"column":12},"end":{"line":68,"column":18}}},"fnMap":{"0":{"name":"(anonymous_0)","decl":{"start":{"line":18,"column":4},"end":{"line":18,"column":5}},"loc":{"start":{"line":18,"column":40},"end":{"line":23,"column":5}},"line":18},"1":{"name":"(anonymous_1)","decl":{"start":{"line":25,"column":4},"end":{"line":25,"column":5}},"loc":{"start":{"line":25,"column":11},"end":{"line":33,"column":5}},"line":25},"2":{"name":"(anonymous_2)","decl":{"start":{"line":35,"column":4},"end":{"line":35,"column":5}},"loc":{"start":{"line":35,"column":72},"end":{"line":48,"column":5}},"line":35},"3":{"name":"(anonymous_3)","decl":{"start":{"line":50,"column":4},"end":{"line":50,"column":5}},"loc":{"start":{"line":50,"column":41},"end":{"line":60,"column":5}},"line":50},"4":{"name":"(anonymous_4)","decl":{"start":{"line":62,"column":4},"end":{"line":62,"column":5}},"loc":{"start":{"line":62,"column":59},"end":{"line":72,"column":5}},"line":62}},"branchMap":{"0":{"loc":{"start":{"line":36,"column":19},"end":{"line":37,"column":60}},"type":"cond-expr","locations":[{"start":{"line":36,"column":51},"end":{"line":36,"column":102}},{"start":{"line":37,"column":10},"end":{"line":37,"column":60}}],"line":36},"1":{"loc":{"start":{"line":39,"column":8},"end":{"line":45,"column":9}},"type":"if","locations":[{"start":{"line":39,"column":8},"end":{"line":45,"column":9}},{"start":{"line":39,"column":8},"end":{"line":45,"column":9}}],"line":39},"2":{"loc":{"start":{"line":51,"column":6},"end":{"line":59,"column":7}},"type":"if","locations":[{"start":{"line":51,"column":6},"end":{"line":59,"column":7}},{"start":{"line":51,"column":6},"end":{"line":59,"column":7}}],"line":51},"3":{"loc":{"start":{"line":53,"column":13},"end":{"line":59,"column":7}},"type":"if","locations":[{"start":{"line":53,"column":13},"end":{"line":59,"column":7}},{"start":{"line":53,"column":13},"end":{"line":59,"column":7}}],"line":53},"4":{"loc":{"start":{"line":55,"column":13},"end":{"line":59,"column":7}},"type":"if","locations":[{"start":{"line":55,"column":13},"end":{"line":59,"column":7}},{"start":{"line":55,"column":13},"end":{"line":59,"column":7}}],"line":55},"5":{"loc":{"start":{"line":57,"column":13},"end":{"line":59,"column":7}},"type":"if","locations":[{"start":{"line":57,"column":13},"end":{"line":59,"column":7}},{"start":{"line":57,"column":13},"end":{"line":59,"column":7}}],"line":57},"6":{"loc":{"start":{"line":66,"column":10},"end":{"line":69,"column":11}},"type":"if","locations":[{"start":{"line":66,"column":10},"end":{"line":69,"column":11}},{"start":{"line":66,"column":10},"end":{"line":69,"column":11}}],"line":66}},"s":{"0":2,"1":2,"2":2,"3":2,"4":2,"5":2,"6":2,"7":2,"8":2,"9":2,"10":2,"11":22,"12":22,"13":22,"14":22,"15":22,"16":5,"17":5,"18":5,"19":55,"20":5,"21":5,"22":50,"23":50,"24":5,"25":9,"26":1,"27":8,"28":1,"29":7,"30":1,"31":6,"32":1,"33":4,"34":4,"35":44,"36":44,"37":44,"38":164,"39":18,"40":18},"f":{"0":2,"1":2,"2":5,"3":9,"4":4},"b":{"0":[3,2],"1":[5,50],"2":[1,8],"3":[1,7],"4":[1,6],"5":[1,5],"6":[18,146]},"_coverageSchema":"1a1c01bbd47fc00a2c39e90264f33305004495a9","hash":"10856021a55accf91a442a2a4b6036081de51062"}
,"C:\\Users\\Gilmore\\Desktop\\FSD-Project-2\\source\\view\\viewValues.ts": {"path":"C:\\Users\\Gilmore\\Desktop\\FSD-Project-2\\source\\view\\viewValues.ts","statementMap":{"0":{"start":{"line":10,"column":6},"end":{"line":10,"column":71}},"1":{"start":{"line":11,"column":6},"end":{"line":11,"column":73}},"2":{"start":{"line":12,"column":6},"end":{"line":12,"column":41}},"3":{"start":{"line":13,"column":6},"end":{"line":13,"column":43}},"4":{"start":{"line":19,"column":10},"end":{"line":19,"column":20}},"5":{"start":{"line":20,"column":33},"end":{"line":20,"column":37}},"6":{"start":{"line":21,"column":6},"end":{"line":21,"column":84}},"7":{"start":{"line":22,"column":6},"end":{"line":22,"column":36}},"8":{"start":{"line":23,"column":6},"end":{"line":23,"column":34}},"9":{"start":{"line":24,"column":6},"end":{"line":24,"column":79}},"10":{"start":{"line":25,"column":6},"end":{"line":25,"column":77}},"11":{"start":{"line":29,"column":6},"end":{"line":34,"column":110}},"12":{"start":{"line":30,"column":8},"end":{"line":30,"column":46}},"13":{"start":{"line":31,"column":8},"end":{"line":31,"column":48}},"14":{"start":{"line":32,"column":13},"end":{"line":34,"column":110}},"15":{"start":{"line":33,"column":8},"end":{"line":33,"column":46}},"16":{"start":{"line":33,"column":47},"end":{"line":33,"column":84}},"17":{"start":{"line":34,"column":13},"end":{"line":34,"column":110}},"18":{"start":{"line":34,"column":35},"end":{"line":34,"column":70}},"19":{"start":{"line":34,"column":71},"end":{"line":34,"column":108}}},"fnMap":{"0":{"name":"(anonymous_0)","decl":{"start":{"line":9,"column":4},"end":{"line":9,"column":5}},"loc":{"start":{"line":9,"column":41},"end":{"line":14,"column":5}},"line":9},"1":{"name":"(anonymous_1)","decl":{"start":{"line":16,"column":4},"end":{"line":16,"column":5}},"loc":{"start":{"line":16,"column":37},"end":{"line":26,"column":5}},"line":16},"2":{"name":"(anonymous_2)","decl":{"start":{"line":28,"column":4},"end":{"line":28,"column":5}},"loc":{"start":{"line":28,"column":54},"end":{"line":35,"column":5}},"line":28}},"branchMap":{"0":{"loc":{"start":{"line":21,"column":6},"end":{"line":21,"column":83}},"type":"cond-expr","locations":[{"start":{"line":21,"column":19},"end":{"line":21,"column":49}},{"start":{"line":21,"column":52},"end":{"line":21,"column":83}}],"line":21},"1":{"loc":{"start":{"line":29,"column":6},"end":{"line":34,"column":110}},"type":"if","locations":[{"start":{"line":29,"column":6},"end":{"line":34,"column":110}},{"start":{"line":29,"column":6},"end":{"line":34,"column":110}}],"line":29},"2":{"loc":{"start":{"line":29,"column":10},"end":{"line":29,"column":44}},"type":"binary-expr","locations":[{"start":{"line":29,"column":10},"end":{"line":29,"column":23}},{"start":{"line":29,"column":27},"end":{"line":29,"column":44}}],"line":29},"3":{"loc":{"start":{"line":32,"column":13},"end":{"line":34,"column":110}},"type":"if","locations":[{"start":{"line":32,"column":13},"end":{"line":34,"column":110}},{"start":{"line":32,"column":13},"end":{"line":34,"column":110}}],"line":32},"4":{"loc":{"start":{"line":32,"column":17},"end":{"line":32,"column":52}},"type":"binary-expr","locations":[{"start":{"line":32,"column":17},"end":{"line":32,"column":30}},{"start":{"line":32,"column":34},"end":{"line":32,"column":52}}],"line":32},"5":{"loc":{"start":{"line":34,"column":13},"end":{"line":34,"column":110}},"type":"if","locations":[{"start":{"line":34,"column":13},"end":{"line":34,"column":110}},{"start":{"line":34,"column":13},"end":{"line":34,"column":110}}],"line":34}},"s":{"0":2,"1":2,"2":2,"3":2,"4":4,"5":4,"6":4,"7":4,"8":4,"9":4,"10":4,"11":7,"12":1,"13":1,"14":6,"15":1,"16":1,"17":5,"18":4,"19":4},"f":{"0":2,"1":4,"2":7},"b":{"0":[1,3],"1":[1,6],"2":[7,3],"3":[1,5],"4":[6,2],"5":[4,1]},"_coverageSchema":"1a1c01bbd47fc00a2c39e90264f33305004495a9","hash":"6a2f5063743413ed51d13dd548cd358681987111"}
}
