{"C:\\Users\\Gilmore\\Desktop\\FSD-Project-2\\source\\eventEmitter\\eventEmitter.ts": {"path":"C:\\Users\\Gilmore\\Desktop\\FSD-Project-2\\source\\eventEmitter\\eventEmitter.ts","statementMap":{"0":{"start":{"line":58,"column":4},"end":{"line":58,"column":21}},"1":{"start":{"line":65,"column":4},"end":{"line":67,"column":5}},"2":{"start":{"line":66,"column":6},"end":{"line":66,"column":40}},"3":{"start":{"line":68,"column":4},"end":{"line":68,"column":34}},"4":{"start":{"line":72,"column":4},"end":{"line":74,"column":5}},"5":{"start":{"line":73,"column":6},"end":{"line":73,"column":46}}},"fnMap":{"0":{"name":"(anonymous_0)","decl":{"start":{"line":57,"column":2},"end":{"line":57,"column":3}},"loc":{"start":{"line":57,"column":16},"end":{"line":59,"column":3}},"line":57},"1":{"name":"(anonymous_1)","decl":{"start":{"line":61,"column":2},"end":{"line":61,"column":3}},"loc":{"start":{"line":64,"column":4},"end":{"line":69,"column":3}},"line":64},"2":{"name":"(anonymous_2)","decl":{"start":{"line":66,"column":31},"end":{"line":66,"column":32}},"loc":{"start":{"line":66,"column":37},"end":{"line":66,"column":39}},"line":66},"3":{"name":"(anonymous_3)","decl":{"start":{"line":71,"column":2},"end":{"line":71,"column":3}},"loc":{"start":{"line":71,"column":48},"end":{"line":75,"column":3}},"line":71}},"branchMap":{"0":{"loc":{"start":{"line":65,"column":4},"end":{"line":67,"column":5}},"type":"if","locations":[{"start":{"line":65,"column":4},"end":{"line":67,"column":5}},{"start":{"line":65,"column":4},"end":{"line":67,"column":5}}],"line":65},"1":{"loc":{"start":{"line":72,"column":4},"end":{"line":74,"column":5}},"type":"if","locations":[{"start":{"line":72,"column":4},"end":{"line":74,"column":5}},{"start":{"line":72,"column":4},"end":{"line":74,"column":5}}],"line":72}},"s":{"0":3,"1":0,"2":0,"3":0,"4":20,"5":0},"f":{"0":3,"1":0,"2":0,"3":20},"b":{"0":[0,0],"1":[0,20]},"_coverageSchema":"1a1c01bbd47fc00a2c39e90264f33305004495a9","hash":"c89edae561953cfcacdd70074c70d656ac01e1e8"}
,"C:\\Users\\Gilmore\\Desktop\\FSD-Project-2\\source\\functions\\functions.ts": {"path":"C:\\Users\\Gilmore\\Desktop\\FSD-Project-2\\source\\functions\\functions.ts","statementMap":{"0":{"start":{"line":2,"column":15},"end":{"line":2,"column":44}},"1":{"start":{"line":3,"column":2},"end":{"line":5,"column":3}},"2":{"start":{"line":3,"column":15},"end":{"line":3,"column":16}},"3":{"start":{"line":4,"column":4},"end":{"line":4,"column":37}},"4":{"start":{"line":6,"column":2},"end":{"line":6,"column":14}},"5":{"start":{"line":9,"column":4},"end":{"line":9,"column":44}},"6":{"start":{"line":12,"column":2},"end":{"line":16,"column":3}},"7":{"start":{"line":12,"column":15},"end":{"line":12,"column":25}},"8":{"start":{"line":13,"column":4},"end":{"line":15,"column":5}},"9":{"start":{"line":14,"column":6},"end":{"line":14,"column":15}},"10":{"start":{"line":17,"column":2},"end":{"line":17,"column":20}},"11":{"start":{"line":20,"column":2},"end":{"line":22,"column":3}},"12":{"start":{"line":21,"column":4},"end":{"line":21,"column":17}},"13":{"start":{"line":23,"column":2},"end":{"line":23,"column":41}}},"fnMap":{"0":{"name":"createElementSlider","decl":{"start":{"line":1,"column":16},"end":{"line":1,"column":35}},"loc":{"start":{"line":1,"column":73},"end":{"line":7,"column":1}},"line":1},"1":{"name":"getContainer","decl":{"start":{"line":8,"column":16},"end":{"line":8,"column":28}},"loc":{"start":{"line":8,"column":59},"end":{"line":10,"column":1}},"line":8},"2":{"name":"calcScaleStep","decl":{"start":{"line":11,"column":16},"end":{"line":11,"column":29}},"loc":{"start":{"line":11,"column":72},"end":{"line":18,"column":1}},"line":11},"3":{"name":"checkUndefined","decl":{"start":{"line":19,"column":16},"end":{"line":19,"column":30}},"loc":{"start":{"line":19,"column":61},"end":{"line":24,"column":1}},"line":19}},"branchMap":{"0":{"loc":{"start":{"line":13,"column":4},"end":{"line":15,"column":5}},"type":"if","locations":[{"start":{"line":13,"column":4},"end":{"line":15,"column":5}},{"start":{"line":13,"column":4},"end":{"line":15,"column":5}}],"line":13},"1":{"loc":{"start":{"line":20,"column":2},"end":{"line":22,"column":3}},"type":"if","locations":[{"start":{"line":20,"column":2},"end":{"line":22,"column":3}},{"start":{"line":20,"column":2},"end":{"line":22,"column":3}}],"line":20}},"s":{"0":0,"1":0,"2":0,"3":0,"4":0,"5":0,"6":0,"7":0,"8":0,"9":0,"10":0,"11":0,"12":0,"13":0},"f":{"0":0,"1":0,"2":0,"3":0},"b":{"0":[0,0],"1":[0,0]},"_coverageSchema":"1a1c01bbd47fc00a2c39e90264f33305004495a9","hash":"3f9199be44e8b7f42ca40a257ca58df6b88f9531"}
,"C:\\Users\\Gilmore\\Desktop\\FSD-Project-2\\source\\model\\model.ts": {"path":"C:\\Users\\Gilmore\\Desktop\\FSD-Project-2\\source\\model\\model.ts","statementMap":{"0":{"start":{"line":9,"column":4},"end":{"line":9,"column":12}},"1":{"start":{"line":10,"column":4},"end":{"line":10,"column":25}},"2":{"start":{"line":18,"column":4},"end":{"line":23,"column":6}},"3":{"start":{"line":24,"column":4},"end":{"line":24,"column":46}},"4":{"start":{"line":32,"column":4},"end":{"line":43,"column":6}},"5":{"start":{"line":44,"column":4},"end":{"line":44,"column":41}},"6":{"start":{"line":48,"column":4},"end":{"line":48,"column":25}},"7":{"start":{"line":49,"column":4},"end":{"line":49,"column":41}},"8":{"start":{"line":65,"column":8},"end":{"line":65,"column":12}},"9":{"start":{"line":66,"column":4},"end":{"line":66,"column":39}},"10":{"start":{"line":67,"column":4},"end":{"line":74,"column":6}},"11":{"start":{"line":93,"column":4},"end":{"line":93,"column":44}},"12":{"start":{"line":94,"column":4},"end":{"line":94,"column":54}},"13":{"start":{"line":98,"column":4},"end":{"line":98,"column":38}},"14":{"start":{"line":108,"column":8},"end":{"line":108,"column":18}},"15":{"start":{"line":109,"column":28},"end":{"line":109,"column":58}},"16":{"start":{"line":110,"column":25},"end":{"line":110,"column":63}},"17":{"start":{"line":111,"column":4},"end":{"line":124,"column":5}},"18":{"start":{"line":112,"column":6},"end":{"line":112,"column":38}},"19":{"start":{"line":113,"column":6},"end":{"line":115,"column":7}},"20":{"start":{"line":114,"column":8},"end":{"line":114,"column":36}},"21":{"start":{"line":116,"column":6},"end":{"line":122,"column":7}},"22":{"start":{"line":117,"column":8},"end":{"line":119,"column":9}},"23":{"start":{"line":118,"column":10},"end":{"line":118,"column":37}},"24":{"start":{"line":120,"column":13},"end":{"line":122,"column":7}},"25":{"start":{"line":121,"column":8},"end":{"line":121,"column":36}},"26":{"start":{"line":123,"column":6},"end":{"line":123,"column":24}},"27":{"start":{"line":125,"column":4},"end":{"line":125,"column":38}},"28":{"start":{"line":126,"column":4},"end":{"line":130,"column":5}},"29":{"start":{"line":127,"column":6},"end":{"line":127,"column":33}},"30":{"start":{"line":128,"column":11},"end":{"line":130,"column":5}},"31":{"start":{"line":129,"column":6},"end":{"line":129,"column":36}},"32":{"start":{"line":131,"column":4},"end":{"line":131,"column":22}},"33":{"start":{"line":140,"column":34},"end":{"line":140,"column":38}},"34":{"start":{"line":141,"column":24},"end":{"line":141,"column":34}},"35":{"start":{"line":143,"column":4},"end":{"line":147,"column":5}},"36":{"start":{"line":144,"column":6},"end":{"line":144,"column":62}},"37":{"start":{"line":146,"column":6},"end":{"line":146,"column":55}},"38":{"start":{"line":148,"column":25},"end":{"line":148,"column":63}},"39":{"start":{"line":149,"column":28},"end":{"line":149,"column":69}},"40":{"start":{"line":150,"column":26},"end":{"line":150,"column":65}},"41":{"start":{"line":151,"column":4},"end":{"line":171,"column":5}},"42":{"start":{"line":152,"column":6},"end":{"line":168,"column":7}},"43":{"start":{"line":153,"column":8},"end":{"line":157,"column":9}},"44":{"start":{"line":154,"column":10},"end":{"line":154,"column":44}},"45":{"start":{"line":155,"column":15},"end":{"line":157,"column":9}},"46":{"start":{"line":156,"column":10},"end":{"line":156,"column":42}},"47":{"start":{"line":158,"column":13},"end":{"line":168,"column":7}},"48":{"start":{"line":162,"column":8},"end":{"line":162,"column":40}},"49":{"start":{"line":163,"column":13},"end":{"line":168,"column":7}},"50":{"start":{"line":167,"column":8},"end":{"line":167,"column":42}},"51":{"start":{"line":170,"column":6},"end":{"line":170,"column":38}},"52":{"start":{"line":172,"column":4},"end":{"line":172,"column":22}},"53":{"start":{"line":187,"column":4},"end":{"line":191,"column":5}},"54":{"start":{"line":188,"column":6},"end":{"line":188,"column":34}},"55":{"start":{"line":189,"column":11},"end":{"line":191,"column":5}},"56":{"start":{"line":190,"column":6},"end":{"line":190,"column":34}},"57":{"start":{"line":192,"column":4},"end":{"line":196,"column":5}},"58":{"start":{"line":193,"column":6},"end":{"line":195,"column":7}},"59":{"start":{"line":194,"column":8},"end":{"line":194,"column":38}},"60":{"start":{"line":197,"column":43},"end":{"line":224,"column":5}},"61":{"start":{"line":225,"column":4},"end":{"line":225,"column":40}},"62":{"start":{"line":226,"column":4},"end":{"line":226,"column":47}},"63":{"start":{"line":241,"column":4},"end":{"line":245,"column":5}},"64":{"start":{"line":242,"column":6},"end":{"line":242,"column":34}},"65":{"start":{"line":243,"column":11},"end":{"line":245,"column":5}},"66":{"start":{"line":244,"column":6},"end":{"line":244,"column":34}},"67":{"start":{"line":246,"column":4},"end":{"line":250,"column":5}},"68":{"start":{"line":247,"column":6},"end":{"line":249,"column":7}},"69":{"start":{"line":248,"column":8},"end":{"line":248,"column":38}},"70":{"start":{"line":251,"column":38},"end":{"line":274,"column":5}},"71":{"start":{"line":275,"column":4},"end":{"line":275,"column":40}},"72":{"start":{"line":276,"column":4},"end":{"line":276,"column":42}},"73":{"start":{"line":280,"column":4},"end":{"line":288,"column":5}},"74":{"start":{"line":281,"column":6},"end":{"line":283,"column":7}},"75":{"start":{"line":282,"column":8},"end":{"line":282,"column":49}},"76":{"start":{"line":284,"column":6},"end":{"line":286,"column":7}},"77":{"start":{"line":285,"column":8},"end":{"line":285,"column":49}},"78":{"start":{"line":287,"column":6},"end":{"line":287,"column":33}},"79":{"start":{"line":289,"column":4},"end":{"line":289,"column":28}},"80":{"start":{"line":295,"column":8},"end":{"line":295,"column":18}},"81":{"start":{"line":296,"column":4},"end":{"line":306,"column":5}},"82":{"start":{"line":297,"column":6},"end":{"line":301,"column":7}},"83":{"start":{"line":298,"column":8},"end":{"line":300,"column":9}},"84":{"start":{"line":299,"column":10},"end":{"line":299,"column":37}},"85":{"start":{"line":302,"column":6},"end":{"line":304,"column":7}},"86":{"start":{"line":303,"column":8},"end":{"line":303,"column":69}},"87":{"start":{"line":305,"column":6},"end":{"line":305,"column":64}},"88":{"start":{"line":307,"column":4},"end":{"line":307,"column":55}},"89":{"start":{"line":307,"column":29},"end":{"line":307,"column":55}},"90":{"start":{"line":308,"column":4},"end":{"line":308,"column":64}},"91":{"start":{"line":312,"column":59},"end":{"line":312,"column":69}},"92":{"start":{"line":313,"column":4},"end":{"line":323,"column":8}},"93":{"start":{"line":327,"column":17},"end":{"line":329,"column":42}},"94":{"start":{"line":332,"column":8},"end":{"line":332,"column":18}},"95":{"start":{"line":333,"column":4},"end":{"line":351,"column":5}},"96":{"start":{"line":334,"column":6},"end":{"line":338,"column":7}},"97":{"start":{"line":335,"column":8},"end":{"line":337,"column":9}},"98":{"start":{"line":336,"column":10},"end":{"line":336,"column":37}},"99":{"start":{"line":339,"column":6},"end":{"line":345,"column":7}},"100":{"start":{"line":340,"column":8},"end":{"line":344,"column":10}},"101":{"start":{"line":346,"column":6},"end":{"line":350,"column":8}},"102":{"start":{"line":352,"column":4},"end":{"line":352,"column":71}},"103":{"start":{"line":352,"column":29},"end":{"line":352,"column":71}},"104":{"start":{"line":353,"column":4},"end":{"line":357,"column":6}},"105":{"start":{"line":361,"column":64},"end":{"line":361,"column":74}},"106":{"start":{"line":362,"column":27},"end":{"line":364,"column":45}},"107":{"start":{"line":365,"column":4},"end":{"line":367,"column":68}},"108":{"start":{"line":371,"column":47},"end":{"line":371,"column":57}},"109":{"start":{"line":372,"column":4},"end":{"line":378,"column":6}},"110":{"start":{"line":382,"column":24},"end":{"line":382,"column":34}},"111":{"start":{"line":383,"column":22},"end":{"line":385,"column":17}},"112":{"start":{"line":386,"column":4},"end":{"line":386,"column":42}},"113":{"start":{"line":386,"column":26},"end":{"line":386,"column":42}},"114":{"start":{"line":387,"column":4},"end":{"line":387,"column":23}},"115":{"start":{"line":393,"column":8},"end":{"line":393,"column":18}},"116":{"start":{"line":394,"column":18},"end":{"line":398,"column":40}},"117":{"start":{"line":399,"column":4},"end":{"line":403,"column":5}},"118":{"start":{"line":400,"column":6},"end":{"line":400,"column":20}},"119":{"start":{"line":401,"column":11},"end":{"line":403,"column":5}},"120":{"start":{"line":402,"column":6},"end":{"line":402,"column":18}},"121":{"start":{"line":404,"column":4},"end":{"line":404,"column":19}}},"fnMap":{"0":{"name":"(anonymous_0)","decl":{"start":{"line":8,"column":2},"end":{"line":8,"column":3}},"loc":{"start":{"line":8,"column":39},"end":{"line":11,"column":3}},"line":8},"1":{"name":"(anonymous_1)","decl":{"start":{"line":13,"column":2},"end":{"line":13,"column":3}},"loc":{"start":{"line":17,"column":5},"end":{"line":25,"column":3}},"line":17},"2":{"name":"(anonymous_2)","decl":{"start":{"line":27,"column":2},"end":{"line":27,"column":3}},"loc":{"start":{"line":31,"column":11},"end":{"line":45,"column":3}},"line":31},"3":{"name":"(anonymous_3)","decl":{"start":{"line":47,"column":2},"end":{"line":47,"column":3}},"loc":{"start":{"line":47,"column":41},"end":{"line":50,"column":3}},"line":47},"4":{"name":"(anonymous_4)","decl":{"start":{"line":52,"column":2},"end":{"line":52,"column":3}},"loc":{"start":{"line":62,"column":11},"end":{"line":75,"column":3}},"line":62},"5":{"name":"(anonymous_5)","decl":{"start":{"line":77,"column":2},"end":{"line":77,"column":3}},"loc":{"start":{"line":92,"column":11},"end":{"line":95,"column":3}},"line":92},"6":{"name":"(anonymous_6)","decl":{"start":{"line":97,"column":2},"end":{"line":97,"column":3}},"loc":{"start":{"line":97,"column":46},"end":{"line":99,"column":3}},"line":97},"7":{"name":"(anonymous_7)","decl":{"start":{"line":101,"column":2},"end":{"line":101,"column":3}},"loc":{"start":{"line":105,"column":21},"end":{"line":132,"column":3}},"line":105},"8":{"name":"(anonymous_8)","decl":{"start":{"line":134,"column":2},"end":{"line":134,"column":3}},"loc":{"start":{"line":139,"column":21},"end":{"line":173,"column":3}},"line":139},"9":{"name":"(anonymous_9)","decl":{"start":{"line":175,"column":2},"end":{"line":175,"column":3}},"loc":{"start":{"line":186,"column":27},"end":{"line":227,"column":3}},"line":186},"10":{"name":"(anonymous_10)","decl":{"start":{"line":229,"column":2},"end":{"line":229,"column":3}},"loc":{"start":{"line":240,"column":27},"end":{"line":277,"column":3}},"line":240},"11":{"name":"(anonymous_11)","decl":{"start":{"line":279,"column":2},"end":{"line":279,"column":3}},"loc":{"start":{"line":279,"column":59},"end":{"line":290,"column":3}},"line":279},"12":{"name":"(anonymous_12)","decl":{"start":{"line":292,"column":2},"end":{"line":292,"column":3}},"loc":{"start":{"line":292,"column":50},"end":{"line":309,"column":3}},"line":292},"13":{"name":"(anonymous_13)","decl":{"start":{"line":311,"column":2},"end":{"line":311,"column":3}},"loc":{"start":{"line":311,"column":74},"end":{"line":324,"column":3}},"line":311},"14":{"name":"(anonymous_14)","decl":{"start":{"line":326,"column":2},"end":{"line":326,"column":3}},"loc":{"start":{"line":326,"column":49},"end":{"line":358,"column":3}},"line":326},"15":{"name":"(anonymous_15)","decl":{"start":{"line":360,"column":2},"end":{"line":360,"column":3}},"loc":{"start":{"line":360,"column":69},"end":{"line":368,"column":3}},"line":360},"16":{"name":"(anonymous_16)","decl":{"start":{"line":370,"column":2},"end":{"line":370,"column":3}},"loc":{"start":{"line":370,"column":52},"end":{"line":379,"column":3}},"line":370},"17":{"name":"(anonymous_17)","decl":{"start":{"line":381,"column":2},"end":{"line":381,"column":3}},"loc":{"start":{"line":381,"column":77},"end":{"line":388,"column":3}},"line":381},"18":{"name":"(anonymous_18)","decl":{"start":{"line":390,"column":2},"end":{"line":390,"column":3}},"loc":{"start":{"line":390,"column":36},"end":{"line":405,"column":3}},"line":390}},"branchMap":{"0":{"loc":{"start":{"line":111,"column":4},"end":{"line":124,"column":5}},"type":"if","locations":[{"start":{"line":111,"column":4},"end":{"line":124,"column":5}},{"start":{"line":111,"column":4},"end":{"line":124,"column":5}}],"line":111},"1":{"loc":{"start":{"line":113,"column":6},"end":{"line":115,"column":7}},"type":"if","locations":[{"start":{"line":113,"column":6},"end":{"line":115,"column":7}},{"start":{"line":113,"column":6},"end":{"line":115,"column":7}}],"line":113},"2":{"loc":{"start":{"line":116,"column":6},"end":{"line":122,"column":7}},"type":"if","locations":[{"start":{"line":116,"column":6},"end":{"line":122,"column":7}},{"start":{"line":116,"column":6},"end":{"line":122,"column":7}}],"line":116},"3":{"loc":{"start":{"line":117,"column":8},"end":{"line":119,"column":9}},"type":"if","locations":[{"start":{"line":117,"column":8},"end":{"line":119,"column":9}},{"start":{"line":117,"column":8},"end":{"line":119,"column":9}}],"line":117},"4":{"loc":{"start":{"line":120,"column":13},"end":{"line":122,"column":7}},"type":"if","locations":[{"start":{"line":120,"column":13},"end":{"line":122,"column":7}},{"start":{"line":120,"column":13},"end":{"line":122,"column":7}}],"line":120},"5":{"loc":{"start":{"line":126,"column":4},"end":{"line":130,"column":5}},"type":"if","locations":[{"start":{"line":126,"column":4},"end":{"line":130,"column":5}},{"start":{"line":126,"column":4},"end":{"line":130,"column":5}}],"line":126},"6":{"loc":{"start":{"line":128,"column":11},"end":{"line":130,"column":5}},"type":"if","locations":[{"start":{"line":128,"column":11},"end":{"line":130,"column":5}},{"start":{"line":128,"column":11},"end":{"line":130,"column":5}}],"line":128},"7":{"loc":{"start":{"line":143,"column":4},"end":{"line":147,"column":5}},"type":"if","locations":[{"start":{"line":143,"column":4},"end":{"line":147,"column":5}},{"start":{"line":143,"column":4},"end":{"line":147,"column":5}}],"line":143},"8":{"loc":{"start":{"line":143,"column":8},"end":{"line":143,"column":44}},"type":"binary-expr","locations":[{"start":{"line":143,"column":8},"end":{"line":143,"column":17}},{"start":{"line":143,"column":21},"end":{"line":143,"column":44}}],"line":143},"9":{"loc":{"start":{"line":151,"column":4},"end":{"line":171,"column":5}},"type":"if","locations":[{"start":{"line":151,"column":4},"end":{"line":171,"column":5}},{"start":{"line":151,"column":4},"end":{"line":171,"column":5}}],"line":151},"10":{"loc":{"start":{"line":152,"column":6},"end":{"line":168,"column":7}},"type":"if","locations":[{"start":{"line":152,"column":6},"end":{"line":168,"column":7}},{"start":{"line":152,"column":6},"end":{"line":168,"column":7}}],"line":152},"11":{"loc":{"start":{"line":153,"column":8},"end":{"line":157,"column":9}},"type":"if","locations":[{"start":{"line":153,"column":8},"end":{"line":157,"column":9}},{"start":{"line":153,"column":8},"end":{"line":157,"column":9}}],"line":153},"12":{"loc":{"start":{"line":155,"column":15},"end":{"line":157,"column":9}},"type":"if","locations":[{"start":{"line":155,"column":15},"end":{"line":157,"column":9}},{"start":{"line":155,"column":15},"end":{"line":157,"column":9}}],"line":155},"13":{"loc":{"start":{"line":158,"column":13},"end":{"line":168,"column":7}},"type":"if","locations":[{"start":{"line":158,"column":13},"end":{"line":168,"column":7}},{"start":{"line":158,"column":13},"end":{"line":168,"column":7}}],"line":158},"14":{"loc":{"start":{"line":163,"column":13},"end":{"line":168,"column":7}},"type":"if","locations":[{"start":{"line":163,"column":13},"end":{"line":168,"column":7}},{"start":{"line":163,"column":13},"end":{"line":168,"column":7}}],"line":163},"15":{"loc":{"start":{"line":187,"column":4},"end":{"line":191,"column":5}},"type":"if","locations":[{"start":{"line":187,"column":4},"end":{"line":191,"column":5}},{"start":{"line":187,"column":4},"end":{"line":191,"column":5}}],"line":187},"16":{"loc":{"start":{"line":189,"column":11},"end":{"line":191,"column":5}},"type":"if","locations":[{"start":{"line":189,"column":11},"end":{"line":191,"column":5}},{"start":{"line":189,"column":11},"end":{"line":191,"column":5}}],"line":189},"17":{"loc":{"start":{"line":192,"column":4},"end":{"line":196,"column":5}},"type":"if","locations":[{"start":{"line":192,"column":4},"end":{"line":196,"column":5}},{"start":{"line":192,"column":4},"end":{"line":196,"column":5}}],"line":192},"18":{"loc":{"start":{"line":193,"column":6},"end":{"line":195,"column":7}},"type":"if","locations":[{"start":{"line":193,"column":6},"end":{"line":195,"column":7}},{"start":{"line":193,"column":6},"end":{"line":195,"column":7}}],"line":193},"19":{"loc":{"start":{"line":198,"column":19},"end":{"line":200,"column":45}},"type":"cond-expr","locations":[{"start":{"line":199,"column":10},"end":{"line":199,"column":46}},{"start":{"line":200,"column":10},"end":{"line":200,"column":45}}],"line":198},"20":{"loc":{"start":{"line":203,"column":15},"end":{"line":207,"column":61}},"type":"cond-expr","locations":[{"start":{"line":204,"column":10},"end":{"line":205,"column":61}},{"start":{"line":206,"column":10},"end":{"line":207,"column":61}}],"line":203},"21":{"loc":{"start":{"line":209,"column":15},"end":{"line":211,"column":51}},"type":"cond-expr","locations":[{"start":{"line":210,"column":10},"end":{"line":210,"column":52}},{"start":{"line":211,"column":10},"end":{"line":211,"column":51}}],"line":209},"22":{"loc":{"start":{"line":241,"column":4},"end":{"line":245,"column":5}},"type":"if","locations":[{"start":{"line":241,"column":4},"end":{"line":245,"column":5}},{"start":{"line":241,"column":4},"end":{"line":245,"column":5}}],"line":241},"23":{"loc":{"start":{"line":243,"column":11},"end":{"line":245,"column":5}},"type":"if","locations":[{"start":{"line":243,"column":11},"end":{"line":245,"column":5}},{"start":{"line":243,"column":11},"end":{"line":245,"column":5}}],"line":243},"24":{"loc":{"start":{"line":246,"column":4},"end":{"line":250,"column":5}},"type":"if","locations":[{"start":{"line":246,"column":4},"end":{"line":250,"column":5}},{"start":{"line":246,"column":4},"end":{"line":250,"column":5}}],"line":246},"25":{"loc":{"start":{"line":247,"column":6},"end":{"line":249,"column":7}},"type":"if","locations":[{"start":{"line":247,"column":6},"end":{"line":249,"column":7}},{"start":{"line":247,"column":6},"end":{"line":249,"column":7}}],"line":247},"26":{"loc":{"start":{"line":252,"column":19},"end":{"line":254,"column":45}},"type":"cond-expr","locations":[{"start":{"line":253,"column":10},"end":{"line":253,"column":46}},{"start":{"line":254,"column":10},"end":{"line":254,"column":45}}],"line":252},"27":{"loc":{"start":{"line":259,"column":15},"end":{"line":261,"column":51}},"type":"cond-expr","locations":[{"start":{"line":260,"column":10},"end":{"line":260,"column":52}},{"start":{"line":261,"column":10},"end":{"line":261,"column":51}}],"line":259},"28":{"loc":{"start":{"line":280,"column":4},"end":{"line":288,"column":5}},"type":"if","locations":[{"start":{"line":280,"column":4},"end":{"line":288,"column":5}},{"start":{"line":280,"column":4},"end":{"line":288,"column":5}}],"line":280},"29":{"loc":{"start":{"line":281,"column":6},"end":{"line":283,"column":7}},"type":"if","locations":[{"start":{"line":281,"column":6},"end":{"line":283,"column":7}},{"start":{"line":281,"column":6},"end":{"line":283,"column":7}}],"line":281},"30":{"loc":{"start":{"line":284,"column":6},"end":{"line":286,"column":7}},"type":"if","locations":[{"start":{"line":284,"column":6},"end":{"line":286,"column":7}},{"start":{"line":284,"column":6},"end":{"line":286,"column":7}}],"line":284},"31":{"loc":{"start":{"line":296,"column":4},"end":{"line":306,"column":5}},"type":"if","locations":[{"start":{"line":296,"column":4},"end":{"line":306,"column":5}},{"start":{"line":296,"column":4},"end":{"line":306,"column":5}}],"line":296},"32":{"loc":{"start":{"line":297,"column":6},"end":{"line":301,"column":7}},"type":"if","locations":[{"start":{"line":297,"column":6},"end":{"line":301,"column":7}},{"start":{"line":297,"column":6},"end":{"line":301,"column":7}}],"line":297},"33":{"loc":{"start":{"line":298,"column":8},"end":{"line":300,"column":9}},"type":"if","locations":[{"start":{"line":298,"column":8},"end":{"line":300,"column":9}},{"start":{"line":298,"column":8},"end":{"line":300,"column":9}}],"line":298},"34":{"loc":{"start":{"line":302,"column":6},"end":{"line":304,"column":7}},"type":"if","locations":[{"start":{"line":302,"column":6},"end":{"line":304,"column":7}},{"start":{"line":302,"column":6},"end":{"line":304,"column":7}}],"line":302},"35":{"loc":{"start":{"line":307,"column":4},"end":{"line":307,"column":55}},"type":"if","locations":[{"start":{"line":307,"column":4},"end":{"line":307,"column":55}},{"start":{"line":307,"column":4},"end":{"line":307,"column":55}}],"line":307},"36":{"loc":{"start":{"line":313,"column":11},"end":{"line":323,"column":7}},"type":"cond-expr","locations":[{"start":{"line":314,"column":8},"end":{"line":318,"column":7}},{"start":{"line":319,"column":8},"end":{"line":323,"column":7}}],"line":313},"37":{"loc":{"start":{"line":327,"column":17},"end":{"line":329,"column":42}},"type":"cond-expr","locations":[{"start":{"line":328,"column":8},"end":{"line":328,"column":43}},{"start":{"line":329,"column":8},"end":{"line":329,"column":42}}],"line":327},"38":{"loc":{"start":{"line":333,"column":4},"end":{"line":351,"column":5}},"type":"if","locations":[{"start":{"line":333,"column":4},"end":{"line":351,"column":5}},{"start":{"line":333,"column":4},"end":{"line":351,"column":5}}],"line":333},"39":{"loc":{"start":{"line":334,"column":6},"end":{"line":338,"column":7}},"type":"if","locations":[{"start":{"line":334,"column":6},"end":{"line":338,"column":7}},{"start":{"line":334,"column":6},"end":{"line":338,"column":7}}],"line":334},"40":{"loc":{"start":{"line":335,"column":8},"end":{"line":337,"column":9}},"type":"if","locations":[{"start":{"line":335,"column":8},"end":{"line":337,"column":9}},{"start":{"line":335,"column":8},"end":{"line":337,"column":9}}],"line":335},"41":{"loc":{"start":{"line":339,"column":6},"end":{"line":345,"column":7}},"type":"if","locations":[{"start":{"line":339,"column":6},"end":{"line":345,"column":7}},{"start":{"line":339,"column":6},"end":{"line":345,"column":7}}],"line":339},"42":{"loc":{"start":{"line":352,"column":4},"end":{"line":352,"column":71}},"type":"if","locations":[{"start":{"line":352,"column":4},"end":{"line":352,"column":71}},{"start":{"line":352,"column":4},"end":{"line":352,"column":71}}],"line":352},"43":{"loc":{"start":{"line":362,"column":27},"end":{"line":364,"column":45}},"type":"cond-expr","locations":[{"start":{"line":363,"column":8},"end":{"line":363,"column":70}},{"start":{"line":364,"column":8},"end":{"line":364,"column":45}}],"line":362},"44":{"loc":{"start":{"line":365,"column":11},"end":{"line":367,"column":67}},"type":"cond-expr","locations":[{"start":{"line":366,"column":8},"end":{"line":366,"column":68}},{"start":{"line":367,"column":8},"end":{"line":367,"column":67}}],"line":365},"45":{"loc":{"start":{"line":383,"column":22},"end":{"line":385,"column":17}},"type":"cond-expr","locations":[{"start":{"line":384,"column":8},"end":{"line":384,"column":70}},{"start":{"line":385,"column":8},"end":{"line":385,"column":17}}],"line":383},"46":{"loc":{"start":{"line":386,"column":4},"end":{"line":386,"column":42}},"type":"if","locations":[{"start":{"line":386,"column":4},"end":{"line":386,"column":42}},{"start":{"line":386,"column":4},"end":{"line":386,"column":42}}],"line":386},"47":{"loc":{"start":{"line":394,"column":18},"end":{"line":398,"column":40}},"type":"cond-expr","locations":[{"start":{"line":395,"column":8},"end":{"line":395,"column":67}},{"start":{"line":396,"column":8},"end":{"line":398,"column":40}}],"line":394},"48":{"loc":{"start":{"line":399,"column":4},"end":{"line":403,"column":5}},"type":"if","locations":[{"start":{"line":399,"column":4},"end":{"line":403,"column":5}},{"start":{"line":399,"column":4},"end":{"line":403,"column":5}}],"line":399},"49":{"loc":{"start":{"line":401,"column":11},"end":{"line":403,"column":5}},"type":"if","locations":[{"start":{"line":401,"column":11},"end":{"line":403,"column":5}},{"start":{"line":401,"column":11},"end":{"line":403,"column":5}}],"line":401}},"s":{"0":3,"1":3,"2":0,"3":0,"4":4,"5":3,"6":1,"7":1,"8":2,"9":2,"10":2,"11":1,"12":1,"13":1,"14":3,"15":3,"16":3,"17":3,"18":2,"19":2,"20":1,"21":2,"22":1,"23":1,"24":1,"25":0,"26":2,"27":1,"28":1,"29":1,"30":0,"31":0,"32":1,"33":3,"34":3,"35":3,"36":0,"37":3,"38":3,"39":3,"40":3,"41":3,"42":2,"43":1,"44":0,"45":1,"46":1,"47":1,"48":0,"49":1,"50":1,"51":1,"52":3,"53":0,"54":0,"55":0,"56":0,"57":0,"58":0,"59":0,"60":0,"61":0,"62":0,"63":10,"64":2,"65":8,"66":6,"67":10,"68":5,"69":0,"70":10,"71":10,"72":10,"73":22,"74":21,"75":12,"76":9,"77":2,"78":7,"79":1,"80":0,"81":0,"82":0,"83":0,"84":0,"85":0,"86":0,"87":0,"88":0,"89":0,"90":0,"91":20,"92":20,"93":26,"94":26,"95":26,"96":13,"97":7,"98":3,"99":13,"100":2,"101":11,"102":13,"103":6,"104":7,"105":6,"106":6,"107":6,"108":7,"109":7,"110":11,"111":11,"112":11,"113":5,"114":11,"115":12,"116":12,"117":12,"118":0,"119":12,"120":6,"121":12},"f":{"0":3,"1":0,"2":4,"3":1,"4":2,"5":1,"6":1,"7":3,"8":3,"9":0,"10":10,"11":22,"12":0,"13":20,"14":26,"15":6,"16":7,"17":11,"18":12},"b":{"0":[2,1],"1":[1,1],"2":[1,1],"3":[1,0],"4":[0,1],"5":[1,0],"6":[0,0],"7":[0,3],"8":[3,0],"9":[2,1],"10":[1,1],"11":[0,1],"12":[1,0],"13":[0,1],"14":[1,0],"15":[0,0],"16":[0,0],"17":[0,0],"18":[0,0],"19":[0,0],"20":[0,0],"21":[0,0],"22":[2,8],"23":[6,2],"24":[5,5],"25":[0,5],"26":[0,10],"27":[0,10],"28":[21,1],"29":[12,9],"30":[2,7],"31":[0,0],"32":[0,0],"33":[0,0],"34":[0,0],"35":[0,0],"36":[0,20],"37":[0,26],"38":[13,13],"39":[7,6],"40":[3,4],"41":[2,11],"42":[6,7],"43":[0,6],"44":[0,6],"45":[6,5],"46":[5,6],"47":[7,5],"48":[0,12],"49":[6,6]},"_coverageSchema":"1a1c01bbd47fc00a2c39e90264f33305004495a9","hash":"e13bedc6992a1869e41ab6c210007993e4936ad1"}
,"C:\\Users\\Gilmore\\Desktop\\FSD-Project-2\\source\\options\\options.ts": {"path":"C:\\Users\\Gilmore\\Desktop\\FSD-Project-2\\source\\options\\options.ts","statementMap":{"0":{"start":{"line":62,"column":52},"end":{"line":76,"column":1}}},"fnMap":{},"branchMap":{},"s":{"0":1},"f":{},"b":{},"_coverageSchema":"1a1c01bbd47fc00a2c39e90264f33305004495a9","hash":"0aa9c18d282c7bd24d7ceaed4e9eb53dc35d2939"}
,"C:\\Users\\Gilmore\\Desktop\\FSD-Project-2\\source\\view\\viewHandlers\\viewHandlers.ts": {"path":"C:\\Users\\Gilmore\\Desktop\\FSD-Project-2\\source\\view\\viewHandlers\\viewHandlers.ts","statementMap":{"0":{"start":{"line":4,"column":23},"end":{"line":7,"column":1}},"1":{"start":{"line":14,"column":4},"end":{"line":14,"column":12}},"2":{"start":{"line":15,"column":4},"end":{"line":19,"column":7}},"3":{"start":{"line":20,"column":4},"end":{"line":24,"column":7}},"4":{"start":{"line":25,"column":4},"end":{"line":25,"column":41}},"5":{"start":{"line":26,"column":4},"end":{"line":26,"column":43}},"6":{"start":{"line":30,"column":4},"end":{"line":30,"column":36}},"7":{"start":{"line":39,"column":4},"end":{"line":39,"column":76}},"8":{"start":{"line":40,"column":4},"end":{"line":40,"column":72}},"9":{"start":{"line":41,"column":4},"end":{"line":45,"column":5}},"10":{"start":{"line":42,"column":6},"end":{"line":42,"column":72}},"11":{"start":{"line":44,"column":6},"end":{"line":44,"column":69}},"12":{"start":{"line":49,"column":32},"end":{"line":49,"column":36}},"13":{"start":{"line":51,"column":6},"end":{"line":55,"column":9}},"14":{"start":{"line":58,"column":6},"end":{"line":58,"column":61}},"15":{"start":{"line":59,"column":6},"end":{"line":59,"column":57}},"16":{"start":{"line":62,"column":6},"end":{"line":62,"column":19}},"17":{"start":{"line":64,"column":4},"end":{"line":64,"column":56}},"18":{"start":{"line":65,"column":4},"end":{"line":65,"column":52}},"19":{"start":{"line":66,"column":4},"end":{"line":66,"column":56}},"20":{"start":{"line":70,"column":4},"end":{"line":72,"column":7}},"21":{"start":{"line":71,"column":6},"end":{"line":71,"column":44}},"22":{"start":{"line":73,"column":4},"end":{"line":75,"column":7}},"23":{"start":{"line":74,"column":6},"end":{"line":74,"column":46}}},"fnMap":{"0":{"name":"(anonymous_0)","decl":{"start":{"line":13,"column":2},"end":{"line":13,"column":3}},"loc":{"start":{"line":13,"column":39},"end":{"line":27,"column":3}},"line":13},"1":{"name":"(anonymous_1)","decl":{"start":{"line":29,"column":2},"end":{"line":29,"column":3}},"loc":{"start":{"line":29,"column":28},"end":{"line":31,"column":3}},"line":29},"2":{"name":"(anonymous_2)","decl":{"start":{"line":33,"column":2},"end":{"line":33,"column":3}},"loc":{"start":{"line":38,"column":4},"end":{"line":46,"column":3}},"line":38},"3":{"name":"(anonymous_3)","decl":{"start":{"line":48,"column":2},"end":{"line":48,"column":3}},"loc":{"start":{"line":48,"column":57},"end":{"line":67,"column":3}},"line":48},"4":{"name":"onMouseMove","decl":{"start":{"line":50,"column":13},"end":{"line":50,"column":24}},"loc":{"start":{"line":50,"column":44},"end":{"line":56,"column":5}},"line":50},"5":{"name":"onMouseUp","decl":{"start":{"line":57,"column":13},"end":{"line":57,"column":22}},"loc":{"start":{"line":57,"column":25},"end":{"line":60,"column":5}},"line":57},"6":{"name":"onDragStart","decl":{"start":{"line":61,"column":13},"end":{"line":61,"column":24}},"loc":{"start":{"line":61,"column":27},"end":{"line":63,"column":5}},"line":61},"7":{"name":"(anonymous_7)","decl":{"start":{"line":69,"column":2},"end":{"line":69,"column":3}},"loc":{"start":{"line":69,"column":17},"end":{"line":76,"column":3}},"line":69},"8":{"name":"(anonymous_8)","decl":{"start":{"line":70,"column":47},"end":{"line":70,"column":48}},"loc":{"start":{"line":70,"column":55},"end":{"line":72,"column":5}},"line":70},"9":{"name":"(anonymous_9)","decl":{"start":{"line":73,"column":49},"end":{"line":73,"column":50}},"loc":{"start":{"line":73,"column":57},"end":{"line":75,"column":5}},"line":73}},"branchMap":{"0":{"loc":{"start":{"line":41,"column":4},"end":{"line":45,"column":5}},"type":"if","locations":[{"start":{"line":41,"column":4},"end":{"line":45,"column":5}},{"start":{"line":41,"column":4},"end":{"line":45,"column":5}}],"line":41}},"s":{"0":1,"1":0,"2":0,"3":0,"4":0,"5":0,"6":0,"7":0,"8":0,"9":0,"10":0,"11":0,"12":0,"13":0,"14":0,"15":0,"16":0,"17":0,"18":0,"19":0,"20":0,"21":0,"22":0,"23":0},"f":{"0":0,"1":0,"2":0,"3":0,"4":0,"5":0,"6":0,"7":0,"8":0,"9":0},"b":{"0":[0,0]},"_coverageSchema":"1a1c01bbd47fc00a2c39e90264f33305004495a9","hash":"1c6871e8738379a0da925f58446c4f4bc2f3a304"}
}
