TN:
SF:source\eventEmitter\eventEmitter.ts
FN:4,(anonymous_0)
FN:8,(anonymous_1)
FN:15,(anonymous_2)
FN:18,(anonymous_3)
FNF:4
FNH:4
FNDA:11,(anonymous_0)
FNDA:12,(anonymous_1)
FNDA:19,(anonymous_2)
FNDA:5,(anonymous_3)
DA:5,11
DA:9,12
DA:10,12
DA:12,12
DA:16,19
DA:17,19
DA:18,5
DA:19,5
LF:8
LH:8
BRDA:9,0,0,12
BRDA:9,0,1,0
BRDA:17,1,0,5
BRDA:17,1,1,14
BRF:4
BRH:3
end_of_record
TN:
SF:source\functions\functions.ts
FN:1,createElementSlider
FN:8,getContainer
FNF:2
FNH:2
FNDA:60,createElementSlider
FNDA:2,getContainer
DA:2,60
DA:3,60
DA:4,90
DA:6,60
DA:9,2
LF:5
LH:5
BRF:0
BRH:0
end_of_record
TN:
SF:source\model\model.ts
FN:8,(anonymous_0)
FN:13,(anonymous_1)
FN:21,(anonymous_2)
FN:26,(anonymous_3)
FN:30,(anonymous_4)
FN:34,(anonymous_5)
FN:38,(anonymous_6)
FN:67,(anonymous_7)
FN:93,(anonymous_8)
FN:126,(anonymous_9)
FN:138,(anonymous_10)
FN:145,(anonymous_11)
FN:169,(anonymous_12)
FN:177,(anonymous_13)
FN:183,(anonymous_14)
FN:192,(anonymous_15)
FNF:16
FNH:16
FNDA:4,(anonymous_0)
FNDA:2,(anonymous_1)
FNDA:1,(anonymous_2)
FNDA:1,(anonymous_3)
FNDA:1,(anonymous_4)
FNDA:1,(anonymous_5)
FNDA:1,(anonymous_6)
FNDA:1,(anonymous_7)
FNDA:7,(anonymous_8)
FNDA:14,(anonymous_9)
FNDA:14,(anonymous_10)
FNDA:16,(anonymous_11)
FNDA:3,(anonymous_12)
FNDA:3,(anonymous_13)
FNDA:8,(anonymous_14)
FNDA:8,(anonymous_15)
DA:9,4
DA:10,4
DA:15,2
DA:16,2
DA:17,2
DA:18,2
DA:22,1
DA:23,1
DA:27,1
DA:31,1
DA:35,1
DA:41,1
DA:42,1
DA:43,1
DA:44,1
DA:45,1
DA:46,1
DA:47,1
DA:49,1
DA:50,0
DA:51,0
DA:53,1
DA:54,0
DA:56,1
DA:58,0
DA:59,0
DA:60,0
DA:61,0
DA:62,0
DA:64,0
DA:68,1
DA:69,1
DA:70,1
DA:71,1
DA:72,1
DA:73,1
DA:74,0
DA:75,0
DA:76,0
DA:77,0
DA:78,0
DA:80,0
DA:82,0
DA:83,0
DA:85,0
DA:88,1
DA:90,1
DA:97,7
DA:98,4
DA:99,3
DA:100,0
DA:102,7
DA:103,0
DA:104,0
DA:107,7
DA:122,7
DA:123,7
DA:127,14
DA:128,14
DA:129,4
DA:130,10
DA:131,4
DA:133,6
DA:135,0
DA:139,14
DA:140,14
DA:146,16
DA:150,16
DA:151,16
DA:152,8
DA:153,0
DA:154,0
DA:157,8
DA:158,4
DA:161,4
DA:164,8
DA:165,4
DA:170,3
DA:171,3
DA:173,3
DA:178,3
DA:179,3
DA:185,8
DA:186,8
DA:188,8
DA:189,8
DA:195,8
DA:196,8
DA:198,8
DA:199,0
DA:200,8
DA:201,0
DA:203,8
LF:93
LH:67
BRDA:44,0,0,1
BRDA:44,0,1,0
BRDA:46,1,0,1
BRDA:46,1,1,0
BRDA:49,2,0,0
BRDA:49,2,1,1
BRDA:50,3,0,0
BRDA:50,3,1,0
BRDA:53,4,0,0
BRDA:53,4,1,1
BRDA:59,5,0,0
BRDA:59,5,1,0
BRDA:61,6,0,0
BRDA:61,6,1,0
BRDA:73,7,0,0
BRDA:73,7,1,1
BRDA:74,8,0,0
BRDA:74,8,1,0
BRDA:75,9,0,0
BRDA:75,9,1,0
BRDA:77,10,0,0
BRDA:77,10,1,0
BRDA:80,11,0,0
BRDA:80,11,1,0
BRDA:83,12,0,0
BRDA:83,12,1,0
BRDA:97,13,0,4
BRDA:97,13,1,3
BRDA:99,14,0,0
BRDA:99,14,1,3
BRDA:102,15,0,0
BRDA:102,15,1,7
BRDA:103,16,0,0
BRDA:103,16,1,0
BRDA:108,17,0,0
BRDA:108,17,1,7
BRDA:113,18,0,0
BRDA:113,18,1,7
BRDA:127,19,0,14
BRDA:127,19,1,0
BRDA:128,20,0,4
BRDA:128,20,1,10
BRDA:130,21,0,4
BRDA:130,21,1,6
BRDA:140,22,0,0
BRDA:140,22,1,14
BRDA:146,23,0,0
BRDA:146,23,1,16
BRDA:151,24,0,8
BRDA:151,24,1,8
BRDA:152,25,0,0
BRDA:152,25,1,8
BRDA:153,26,0,0
BRDA:153,26,1,0
BRDA:157,27,0,4
BRDA:157,27,1,4
BRDA:164,28,0,4
BRDA:164,28,1,4
BRDA:171,29,0,0
BRDA:171,29,1,3
BRDA:173,30,0,0
BRDA:173,30,1,3
BRDA:186,31,0,0
BRDA:186,31,1,8
BRDA:188,32,0,8
BRDA:188,32,1,0
BRDA:196,33,0,0
BRDA:196,33,1,8
BRDA:198,34,0,0
BRDA:198,34,1,8
BRDA:200,35,0,0
BRDA:200,35,1,8
BRF:72
BRH:32
end_of_record
TN:
SF:source\options\options.ts
FNF:0
FNH:0
DA:39,4
LF:1
LH:1
BRF:0
BRH:0
end_of_record
TN:
SF:source\panel\panel.ts
FN:16,(anonymous_0)
FN:27,(anonymous_1)
FN:32,(anonymous_2)
FN:35,(anonymous_3)
FN:38,(anonymous_4)
FN:56,(anonymous_5)
FN:65,(anonymous_6)
FN:71,(anonymous_7)
FN:72,(anonymous_8)
FN:73,(anonymous_9)
FN:77,(anonymous_10)
FN:95,(anonymous_11)
FN:121,(anonymous_12)
FNF:13
FNH:0
FNDA:0,(anonymous_0)
FNDA:0,(anonymous_1)
FNDA:0,(anonymous_2)
FNDA:0,(anonymous_3)
FNDA:0,(anonymous_4)
FNDA:0,(anonymous_5)
FNDA:0,(anonymous_6)
FNDA:0,(anonymous_7)
FNDA:0,(anonymous_8)
FNDA:0,(anonymous_9)
FNDA:0,(anonymous_10)
FNDA:0,(anonymous_11)
FNDA:0,(anonymous_12)
DA:17,0
DA:18,0
DA:19,0
DA:20,0
DA:21,0
DA:22,0
DA:23,0
DA:24,0
DA:28,0
DA:29,0
DA:33,0
DA:34,0
DA:35,0
DA:41,0
DA:42,0
DA:43,0
DA:44,0
DA:45,0
DA:46,0
DA:47,0
DA:48,0
DA:49,0
DA:50,0
DA:51,0
DA:52,0
DA:53,0
DA:57,0
DA:58,0
DA:59,0
DA:61,0
DA:66,0
DA:67,0
DA:68,0
DA:72,0
DA:73,0
DA:78,0
DA:79,0
DA:80,0
DA:81,0
DA:82,0
DA:83,0
DA:84,0
DA:85,0
DA:86,0
DA:87,0
DA:88,0
DA:89,0
DA:90,0
DA:96,0
DA:97,0
DA:98,0
DA:99,0
DA:100,0
DA:101,0
DA:102,0
DA:104,0
DA:105,0
DA:106,0
DA:107,0
DA:108,0
DA:109,0
DA:110,0
DA:111,0
DA:112,0
DA:113,0
DA:114,0
DA:115,0
DA:117,0
DA:122,0
LF:69
LH:0
BRDA:57,0,0,0
BRDA:57,0,1,0
BRDA:58,1,0,0
BRDA:58,1,1,0
BRDA:79,2,0,0
BRDA:79,2,1,0
BRDA:81,3,0,0
BRDA:81,3,1,0
BRDA:83,4,0,0
BRDA:83,4,1,0
BRDA:85,5,0,0
BRDA:85,5,1,0
BRDA:87,6,0,0
BRDA:87,6,1,0
BRDA:89,7,0,0
BRDA:89,7,1,0
BRDA:96,8,0,0
BRDA:96,8,1,0
BRDA:97,9,0,0
BRDA:97,9,1,0
BRDA:98,10,0,0
BRDA:98,10,1,0
BRDA:99,11,0,0
BRDA:99,11,1,0
BRDA:100,12,0,0
BRDA:100,12,1,0
BRDA:101,13,0,0
BRDA:101,13,1,0
BRDA:102,14,0,0
BRDA:102,14,1,0
BRDA:104,15,0,0
BRDA:104,15,1,0
BRDA:106,16,0,0
BRDA:106,16,1,0
BRDA:108,17,0,0
BRDA:108,17,1,0
BRDA:110,18,0,0
BRDA:110,18,1,0
BRDA:112,19,0,0
BRDA:112,19,1,0
BRDA:114,20,0,0
BRDA:114,20,1,0
BRF:42
BRH:0
end_of_record
TN:
SF:source\presenter\presenter.ts
FN:16,(anonymous_0)
FN:24,(anonymous_1)
FN:29,(anonymous_2)
FN:31,(anonymous_3)
FN:32,(anonymous_4)
FN:33,(anonymous_5)
FN:34,(anonymous_6)
FN:35,(anonymous_7)
FN:36,(anonymous_8)
FN:37,(anonymous_9)
FNF:10
FNH:5
FNDA:1,(anonymous_0)
FNDA:1,(anonymous_1)
FNDA:1,(anonymous_2)
FNDA:1,(anonymous_3)
FNDA:0,(anonymous_4)
FNDA:0,(anonymous_5)
FNDA:0,(anonymous_6)
FNDA:0,(anonymous_7)
FNDA:0,(anonymous_8)
FNDA:1,(anonymous_9)
DA:17,1
DA:18,1
DA:19,1
DA:20,1
DA:21,1
DA:25,1
DA:26,1
DA:30,1
DA:31,1
DA:32,1
DA:33,1
DA:34,1
DA:35,1
DA:36,1
DA:37,1
LF:15
LH:15
BRF:0
BRH:0
end_of_record
TN:
SF:source\tests\test-import.js
FNF:0
FNH:0
DA:7,1
DA:8,1
DA:10,1
DA:31,1
DA:52,1
DA:65,1
DA:78,1
DA:79,1
DA:80,1
LF:9
LH:9
BRF:0
BRH:0
end_of_record
TN:
SF:source\view\view.ts
FN:14,(anonymous_0)
FN:23,(anonymous_1)
FN:27,(anonymous_2)
FN:28,(anonymous_3)
FN:29,(anonymous_4)
FN:30,(anonymous_5)
FN:31,(anonymous_6)
FN:35,(anonymous_7)
FN:40,(anonymous_8)
FN:44,(anonymous_9)
FNF:10
FNH:8
FNDA:2,(anonymous_0)
FNDA:2,(anonymous_1)
FNDA:2,(anonymous_2)
FNDA:0,(anonymous_3)
FNDA:0,(anonymous_4)
FNDA:1,(anonymous_5)
FNDA:1,(anonymous_6)
FNDA:2,(anonymous_7)
FNDA:3,(anonymous_8)
FNDA:3,(anonymous_9)
DA:15,2
DA:16,2
DA:17,2
DA:18,2
DA:19,2
DA:20,2
DA:24,2
DA:28,2
DA:29,2
DA:30,2
DA:31,2
DA:32,2
DA:37,2
DA:41,3
DA:45,3
DA:46,3
DA:47,1
DA:49,2
DA:51,3
LF:19
LH:19
BRDA:46,0,0,1
BRDA:46,0,1,2
BRF:2
BRH:2
end_of_record
TN:
SF:source\view\viewBar.ts
FN:6,(anonymous_0)
FN:11,(anonymous_1)
FNF:2
FNH:2
FNDA:2,(anonymous_0)
FNDA:4,(anonymous_1)
DA:7,2
DA:8,2
DA:12,4
LF:3
LH:3
BRF:0
BRH:0
end_of_record
TN:
SF:source\view\viewBody.ts
FN:20,(anonymous_0)
FN:30,(anonymous_1)
FN:38,(anonymous_2)
FN:45,(anonymous_3)
FN:52,(anonymous_4)
FN:62,(anonymous_5)
FN:66,(anonymous_6)
FN:72,(anonymous_7)
FN:73,(anonymous_8)
FN:74,(anonymous_9)
FNF:10
FNH:10
FNDA:2,(anonymous_0)
FNDA:2,(anonymous_1)
FNDA:2,(anonymous_2)
FNDA:2,(anonymous_3)
FNDA:4,(anonymous_4)
FNDA:2,(anonymous_5)
FNDA:1,(anonymous_6)
FNDA:2,(anonymous_7)
FNDA:1,(anonymous_8)
FNDA:1,(anonymous_9)
DA:21,2
DA:22,2
DA:23,2
DA:24,2
DA:25,2
DA:26,2
DA:27,2
DA:31,2
DA:39,2
DA:46,2
DA:55,4
DA:56,4
DA:57,4
DA:58,4
DA:59,4
DA:63,2
DA:67,1
DA:68,1
DA:73,2
DA:74,2
DA:75,2
LF:21
LH:21
BRDA:67,0,0,1
BRDA:67,0,1,0
BRF:2
BRH:1
end_of_record
TN:
SF:source\view\viewHandlers.ts
FN:13,(anonymous_0)
FN:21,(anonymous_1)
FN:25,(anonymous_2)
FN:31,(anonymous_3)
FN:33,onMouseMove
FN:36,onMouseUp
FN:40,onDragStart
FN:48,(anonymous_7)
FN:49,(anonymous_8)
FN:50,(anonymous_9)
FNF:10
FNH:8
FNDA:2,(anonymous_0)
FNDA:2,(anonymous_1)
FNDA:4,(anonymous_2)
FNDA:1,(anonymous_3)
FNDA:1,onMouseMove
FNDA:1,onMouseUp
FNDA:0,onDragStart
FNDA:2,(anonymous_7)
FNDA:0,(anonymous_8)
FNDA:1,(anonymous_9)
DA:4,3
DA:14,2
DA:15,2
DA:16,2
DA:17,2
DA:18,2
DA:22,2
DA:26,4
DA:28,4
DA:32,1
DA:34,1
DA:37,1
DA:38,1
DA:41,0
DA:43,1
DA:44,1
DA:45,1
DA:49,2
DA:50,2
LF:19
LH:18
BRDA:26,0,0,3
BRDA:26,0,1,1
BRF:2
BRH:2
end_of_record
TN:
SF:source\view\viewScale.ts
FN:18,(anonymous_0)
FN:25,(anonymous_1)
FN:35,(anonymous_2)
FN:50,(anonymous_3)
FN:62,(anonymous_4)
FNF:5
FNH:5
FNDA:2,(anonymous_0)
FNDA:2,(anonymous_1)
FNDA:5,(anonymous_2)
FNDA:9,(anonymous_3)
FNDA:4,(anonymous_4)
DA:3,2
DA:8,2
DA:10,2
DA:11,2
DA:12,2
DA:19,2
DA:20,2
DA:21,2
DA:22,2
DA:26,2
DA:27,22
DA:28,22
DA:29,22
DA:30,22
DA:31,22
DA:36,5
DA:38,5
DA:39,55
DA:40,5
DA:41,5
DA:43,50
DA:44,50
DA:47,5
DA:51,9
DA:52,1
DA:53,8
DA:54,1
DA:55,7
DA:56,1
DA:57,6
DA:58,1
DA:63,4
DA:64,44
DA:65,44
DA:66,164
DA:67,18
DA:68,18
LF:37
LH:37
BRDA:36,0,0,3
BRDA:36,0,1,2
BRDA:39,1,0,5
BRDA:39,1,1,50
BRDA:51,2,0,1
BRDA:51,2,1,8
BRDA:53,3,0,1
BRDA:53,3,1,7
BRDA:55,4,0,1
BRDA:55,4,1,6
BRDA:57,5,0,1
BRDA:57,5,1,5
BRDA:66,6,0,18
BRDA:66,6,1,146
BRF:14
BRH:14
end_of_record
TN:
SF:source\view\viewValues.ts
FN:9,(anonymous_0)
FN:16,(anonymous_1)
FN:28,(anonymous_2)
FNF:3
FNH:3
FNDA:2,(anonymous_0)
FNDA:4,(anonymous_1)
FNDA:7,(anonymous_2)
DA:10,2
DA:11,2
DA:12,2
DA:13,2
DA:19,4
DA:20,4
DA:21,4
DA:22,4
DA:23,4
DA:24,4
DA:25,4
DA:29,7
DA:30,1
DA:31,1
DA:32,6
DA:33,1
DA:34,5
LF:17
LH:17
BRDA:21,0,0,1
BRDA:21,0,1,3
BRDA:29,1,0,1
BRDA:29,1,1,6
BRDA:29,2,0,7
BRDA:29,2,1,3
BRDA:32,3,0,1
BRDA:32,3,1,5
BRDA:32,4,0,6
BRDA:32,4,1,2
BRDA:34,5,0,4
BRDA:34,5,1,1
BRF:12
BRH:12
end_of_record
